<?xml version="1.0" encoding="utf-8"?>
<CoverageSession xmlns:xsi="http://www.w3.org/2001/XMLSchema-instance" xmlns:xsd="http://www.w3.org/2001/XMLSchema">
  <Summary numSequencePoints="1775" visitedSequencePoints="42" numBranchPoints="165" visitedBranchPoints="21" sequenceCoverage="2.37" branchCoverage="12.73" maxCyclomaticComplexity="21" minCyclomaticComplexity="1" />
  <Modules>
    <Module skippedDueTo="Filter" hash="12-65-6A-66-2E-D6-63-35-62-65-A9-F9-3A-99-F3-2E-1A-A3-76-A4">
      <FullName>C:\Windows\Microsoft.Net\assembly\GAC_32\mscorlib\v4.0_4.0.0.0__b77a5c561934e089\mscorlib.dll</FullName>
      <ModuleName>mscorlib</ModuleName>
      <Classes />
    </Module>
    <Module skippedDueTo="MissingPdb" hash="37-80-BE-DC-A8-79-2C-78-4A-75-9F-D4-19-B1-3A-5A-48-3E-CA-03">
      <FullName>C:\Program Files\SharpDevelop\5.0\bin\Tools\NUnit\nunit-console-x86.exe</FullName>
      <ModuleName>nunit-console</ModuleName>
      <Classes />
    </Module>
    <Module skippedDueTo="MissingPdb" hash="33-E1-CA-24-52-5A-B7-C7-C4-AF-91-2C-A9-4A-C0-37-67-0D-5B-FE">
      <FullName>C:\Program Files\SharpDevelop\5.0\bin\Tools\NUnit\lib\nunit.core.dll</FullName>
      <ModuleName>nunit.core</ModuleName>
      <Classes />
    </Module>
    <Module skippedDueTo="MissingPdb" hash="2A-C4-E5-DE-F3-EE-AD-84-E1-65-84-CC-15-90-76-96-E7-01-44-4E">
      <FullName>C:\Program Files\SharpDevelop\5.0\bin\Tools\NUnit\lib\nunit-console-runner.dll</FullName>
      <ModuleName>nunit-console-runner</ModuleName>
      <Classes />
    </Module>
    <Module skippedDueTo="MissingPdb" hash="74-74-F6-87-59-E1-5F-4F-5F-5E-6E-82-50-E8-E2-46-D4-86-15-76">
      <FullName>C:\Program Files\SharpDevelop\5.0\bin\Tools\NUnit\lib\nunit.util.dll</FullName>
      <ModuleName>nunit.util</ModuleName>
      <Classes />
    </Module>
    <Module skippedDueTo="MissingPdb" hash="D3-A4-4D-85-55-F7-CE-EF-A5-90-AA-EF-58-E0-9F-B6-CC-27-99-53">
      <FullName>C:\Program Files\SharpDevelop\5.0\bin\Tools\NUnit\lib\nunit.core.interfaces.dll</FullName>
      <ModuleName>nunit.core.interfaces</ModuleName>
      <Classes />
    </Module>
    <Module skippedDueTo="Filter" hash="8F-6E-E8-4F-40-6A-75-31-1B-08-C2-22-D5-EA-FE-23-3B-7B-82-15">
      <FullName>C:\Windows\Microsoft.Net\assembly\GAC_MSIL\System.Configuration\v4.0_4.0.0.0__b03f5f7f11d50a3a\System.Configuration.dll</FullName>
      <ModuleName>System.Configuration</ModuleName>
      <Classes />
    </Module>
    <Module skippedDueTo="Filter" hash="8F-46-4B-BE-28-40-30-A2-E6-52-58-36-C3-F3-E3-75-03-AF-F4-FC">
      <FullName>C:\Windows\Microsoft.Net\assembly\GAC_MSIL\System\v4.0_4.0.0.0__b77a5c561934e089\System.dll</FullName>
      <ModuleName>System</ModuleName>
      <Classes />
    </Module>
    <Module skippedDueTo="Filter" hash="2E-28-A3-E7-4F-05-75-91-3B-B4-A6-B7-58-E7-27-B0-EF-F7-52-11">
      <FullName>C:\Windows\Microsoft.Net\assembly\GAC_MSIL\System.Xml\v4.0_4.0.0.0__b77a5c561934e089\System.Xml.dll</FullName>
      <ModuleName>System.Xml</ModuleName>
      <Classes />
    </Module>
    <Module skippedDueTo="Filter" hash="46-6F-13-2F-D2-4B-1D-25-49-36-00-F3-12-2D-74-40-A6-DA-E7-C0">
      <FullName>C:\Windows\Microsoft.Net\assembly\GAC_MSIL\System.Runtime.Remoting\v4.0_4.0.0.0__b77a5c561934e089\System.Runtime.Remoting.dll</FullName>
      <ModuleName>System.Runtime.Remoting</ModuleName>
      <Classes />
    </Module>
    <Module skippedDueTo="Filter" hash="F0-AC-29-46-F9-CE-FF-96-AE-EE-4F-C0-DE-9E-59-D3-7E-1B-ED-08">
      <FullName>C:\Windows\Microsoft.Net\assembly\GAC_MSIL\System.Core\v4.0_4.0.0.0__b77a5c561934e089\System.Core.dll</FullName>
      <ModuleName>System.Core</ModuleName>
      <Classes />
    </Module>
    <Module skippedDueTo="Filter" hash="86-A5-94-FA-D3-B3-9D-9F-7E-3D-B9-71-73-40-2A-FC-D3-2B-70-6D">
      <FullName>C:\Windows\Microsoft.Net\assembly\GAC_MSIL\mscorlib.resources\v4.0_4.0.0.0_ru_b77a5c561934e089\mscorlib.resources.dll</FullName>
      <ModuleName>mscorlib.resources</ModuleName>
      <Classes />
    </Module>
    <Module skippedDueTo="MissingPdb" hash="33-E1-CA-24-52-5A-B7-C7-C4-AF-91-2C-A9-4A-C0-37-67-0D-5B-FE">
      <FullName>C:\Program Files\SharpDevelop\5.0\bin\Tools\NUnit\lib\nunit.core.dll</FullName>
      <ModuleName>nunit.core</ModuleName>
      <Classes />
    </Module>
    <Module skippedDueTo="Filter" hash="8F-46-4B-BE-28-40-30-A2-E6-52-58-36-C3-F3-E3-75-03-AF-F4-FC">
      <FullName>C:\Windows\Microsoft.Net\assembly\GAC_MSIL\System\v4.0_4.0.0.0__b77a5c561934e089\System.dll</FullName>
      <ModuleName>System</ModuleName>
      <Classes />
    </Module>
    <Module skippedDueTo="Filter" hash="2E-28-A3-E7-4F-05-75-91-3B-B4-A6-B7-58-E7-27-B0-EF-F7-52-11">
      <FullName>C:\Windows\Microsoft.Net\assembly\GAC_MSIL\System.Xml\v4.0_4.0.0.0__b77a5c561934e089\System.Xml.dll</FullName>
      <ModuleName>System.Xml</ModuleName>
      <Classes />
    </Module>
    <Module skippedDueTo="MissingPdb" hash="D3-A4-4D-85-55-F7-CE-EF-A5-90-AA-EF-58-E0-9F-B6-CC-27-99-53">
      <FullName>C:\Program Files\SharpDevelop\5.0\bin\Tools\NUnit\lib\nunit.core.interfaces.dll</FullName>
      <ModuleName>nunit.core.interfaces</ModuleName>
      <Classes />
    </Module>
    <Module hash="04-34-21-83-F7-4C-5C-09-30-FF-EE-AB-C7-09-04-BD-A0-74-30-42">
      <Summary numSequencePoints="1775" visitedSequencePoints="42" numBranchPoints="165" visitedBranchPoints="21" sequenceCoverage="2.37" branchCoverage="12.73" maxCyclomaticComplexity="21" minCyclomaticComplexity="1" />
      <FullName>C:\Users\Total\AppData\Local\Temp\nunit20\ShadowCopyCache\6344_635714757483566875\Tests_9667593\assembly\dl3\36d17770\face1ed1_03b5d001\ColorTest.exe</FullName>
      <ModuleName>ColorTest</ModuleName>
      <Files>
        <File uid="1" fullPath="c:\Users\Total\Documents\RAD Studio\Projects\MRG\ColorTest\MainForm.Designer.cs" />
        <File uid="2" fullPath="c:\Users\Total\Documents\RAD Studio\Projects\MRG\ColorTest\MainForm.cs" />
        <File uid="5" fullPath="c:\Users\Total\Documents\RAD Studio\Projects\MRG\ColorTest\Program.cs" />
        <File uid="6" fullPath="c:\Users\Total\Documents\RAD Studio\Projects\MRG\ColorTest\Test1.cs" />
      </Files>
      <Classes>
        <Class>
          <Summary numSequencePoints="0" visitedSequencePoints="0" numBranchPoints="0" visitedBranchPoints="0" sequenceCoverage="0" branchCoverage="0" maxCyclomaticComplexity="0" minCyclomaticComplexity="0" />
          <FullName>&lt;Module&gt;</FullName>
          <Methods />
        </Class>
        <Class>
          <Summary numSequencePoints="1638" visitedSequencePoints="0" numBranchPoints="71" visitedBranchPoints="0" sequenceCoverage="0" branchCoverage="0" maxCyclomaticComplexity="21" minCyclomaticComplexity="1" />
          <FullName>ColorTest.MainForm</FullName>
          <Methods>
            <Method visited="false" cyclomaticComplexity="1" sequenceCoverage="0" branchCoverage="0" isConstructor="true" isStatic="false" isGetter="false" isSetter="false">
              <Summary numSequencePoints="10" visitedSequencePoints="0" numBranchPoints="1" visitedBranchPoints="0" sequenceCoverage="0" branchCoverage="0" maxCyclomaticComplexity="1" minCyclomaticComplexity="1" />
              <MetadataToken>100663297</MetadataToken>
              <Name>System.Void ColorTest.MainForm::.ctor()</Name>
              <FileRef uid="1" />
              <SequencePoints>
                <SequencePoint vc="0" uspid="1" ordinal="0" offset="0" sl="16" sc="3" el="16" ec="62" bec="0" bev="0" fileid="1" />
                <SequencePoint vc="0" uspid="2" ordinal="1" offset="7" sl="24" sc="3" el="24" ec="20" bec="0" bev="0" fileid="2" />
                <SequencePoint vc="0" uspid="3" ordinal="2" offset="14" sl="25" sc="3" el="25" ec="4" bec="0" bev="0" fileid="2" />
                <SequencePoint vc="0" uspid="4" ordinal="3" offset="15" sl="29" sc="4" el="29" ec="26" bec="0" bev="0" fileid="2" />
                <SequencePoint vc="0" uspid="5" ordinal="4" offset="22" sl="30" sc="4" el="30" ec="37" bec="0" bev="0" fileid="2" />
                <SequencePoint vc="0" uspid="6" ordinal="5" offset="29" sl="31" sc="4" el="31" ec="58" bec="0" bev="0" fileid="2" />
                <SequencePoint vc="0" uspid="7" ordinal="6" offset="52" sl="32" sc="4" el="32" ec="58" bec="0" bev="0" fileid="2" />
                <SequencePoint vc="0" uspid="8" ordinal="7" offset="75" sl="33" sc="4" el="33" ec="58" bec="0" bev="0" fileid="2" />
                <SequencePoint vc="0" uspid="9" ordinal="8" offset="98" sl="34" sc="4" el="34" ec="58" bec="0" bev="0" fileid="2" />
                <SequencePoint vc="0" uspid="10" ordinal="9" offset="121" sl="38" sc="3" el="38" ec="4" bec="0" bev="0" fileid="2" />
              </SequencePoints>
              <BranchPoints />
              <MethodPoint xsi:type="SequencePoint" vc="0" uspid="1" ordinal="0" offset="0" sl="16" sc="3" el="16" ec="62" bec="0" bev="0" fileid="1" />
            </Method>
            <Method visited="false" cyclomaticComplexity="4" sequenceCoverage="0" branchCoverage="0" isConstructor="false" isStatic="false" isGetter="false" isSetter="false">
              <Summary numSequencePoints="18" visitedSequencePoints="0" numBranchPoints="7" visitedBranchPoints="0" sequenceCoverage="0" branchCoverage="0" maxCyclomaticComplexity="4" minCyclomaticComplexity="4" />
              <MetadataToken>100663298</MetadataToken>
              <Name>System.Void ColorTest.MainForm::Button1Click(System.Object,System.EventArgs)</Name>
              <FileRef uid="2" />
              <SequencePoints>
                <SequencePoint vc="0" uspid="11" ordinal="0" offset="0" sl="40" sc="3" el="40" ec="4" bec="0" bev="0" fileid="2" />
                <SequencePoint vc="0" uspid="12" ordinal="1" offset="1" sl="41" sc="4" el="41" ec="54" bec="0" bev="0" fileid="2" />
                <SequencePoint vc="0" uspid="13" ordinal="2" offset="24" sl="42" sc="4" el="42" ec="55" bec="2" bev="0" fileid="2" />
                <SequencePoint vc="0" uspid="14" ordinal="3" offset="45" sl="42" sc="56" el="42" ec="57" bec="0" bev="0" fileid="2" />
                <SequencePoint vc="0" uspid="15" ordinal="4" offset="46" sl="43" sc="5" el="43" ec="55" bec="0" bev="0" fileid="2" />
                <SequencePoint vc="0" uspid="16" ordinal="5" offset="69" sl="45" sc="5" el="45" ec="45" bec="0" bev="0" fileid="2" />
                <SequencePoint vc="0" uspid="17" ordinal="6" offset="86" sl="47" sc="10" el="47" ec="20" bec="0" bev="0" fileid="2" />
                <SequencePoint vc="0" uspid="18" ordinal="7" offset="90" sl="47" sc="40" el="47" ec="41" bec="0" bev="0" fileid="2" />
                <SequencePoint vc="0" uspid="19" ordinal="8" offset="91" sl="48" sc="6" el="48" ec="39" bec="0" bev="0" fileid="2" />
                <SequencePoint vc="0" uspid="20" ordinal="9" offset="109" sl="49" sc="7" el="49" ec="48" bec="2" bev="0" fileid="2" />
                <SequencePoint vc="0" uspid="21" ordinal="10" offset="138" sl="49" sc="49" el="49" ec="50" bec="0" bev="0" fileid="2" />
                <SequencePoint vc="0" uspid="22" ordinal="11" offset="139" sl="50" sc="8" el="50" ec="54" bec="0" bev="0" fileid="2" />
                <SequencePoint vc="0" uspid="23" ordinal="12" offset="157" sl="51" sc="7" el="51" ec="8" bec="0" bev="0" fileid="2" />
                <SequencePoint vc="0" uspid="24" ordinal="13" offset="158" sl="53" sc="5" el="53" ec="6" bec="0" bev="0" fileid="2" />
                <SequencePoint vc="0" uspid="25" ordinal="14" offset="159" sl="47" sc="35" el="47" ec="38" bec="0" bev="0" fileid="2" />
                <SequencePoint vc="0" uspid="26" ordinal="15" offset="163" sl="47" sc="21" el="47" ec="33" bec="2" bev="0" fileid="2" />
                <SequencePoint vc="0" uspid="27" ordinal="16" offset="171" sl="54" sc="4" el="54" ec="5" bec="0" bev="0" fileid="2" />
                <SequencePoint vc="0" uspid="28" ordinal="17" offset="172" sl="56" sc="3" el="56" ec="4" bec="0" bev="0" fileid="2" />
              </SequencePoints>
              <BranchPoints>
                <BranchPoint vc="0" uspid="29" ordinal="0" offset="43" path="0" offsetchain="" offsetend="45" />
                <BranchPoint vc="0" uspid="30" ordinal="1" offset="43" path="1" offsetchain="" offsetend="172" />
                <BranchPoint vc="0" uspid="31" ordinal="2" offset="136" path="0" offsetchain="" offsetend="138" />
                <BranchPoint vc="0" uspid="32" ordinal="3" offset="136" path="1" offsetchain="" offsetend="158" />
                <BranchPoint vc="0" uspid="33" ordinal="4" offset="169" path="0" offsetchain="" offsetend="171" />
                <BranchPoint vc="0" uspid="34" ordinal="5" offset="169" path="1" offsetchain="" offsetend="90" />
              </BranchPoints>
              <MethodPoint xsi:type="SequencePoint" vc="0" uspid="11" ordinal="0" offset="0" sl="40" sc="3" el="40" ec="4" bec="0" bev="0" fileid="2" />
            </Method>
            <Method visited="false" cyclomaticComplexity="5" sequenceCoverage="0" branchCoverage="0" isConstructor="false" isStatic="false" isGetter="false" isSetter="false">
              <Summary numSequencePoints="25" visitedSequencePoints="0" numBranchPoints="9" visitedBranchPoints="0" sequenceCoverage="0" branchCoverage="0" maxCyclomaticComplexity="5" minCyclomaticComplexity="5" />
              <MetadataToken>100663299</MetadataToken>
              <Name>System.Void ColorTest.MainForm::Button18Click(System.Object,System.EventArgs)</Name>
              <FileRef uid="2" />
              <SequencePoints>
                <SequencePoint vc="0" uspid="35" ordinal="0" offset="0" sl="58" sc="3" el="58" ec="4" bec="0" bev="0" fileid="2" />
                <SequencePoint vc="0" uspid="36" ordinal="1" offset="1" sl="59" sc="4" el="59" ec="54" bec="0" bev="0" fileid="2" />
                <SequencePoint vc="0" uspid="37" ordinal="2" offset="24" sl="60" sc="4" el="60" ec="55" bec="2" bev="0" fileid="2" />
                <SequencePoint vc="0" uspid="38" ordinal="3" offset="50" sl="60" sc="56" el="60" ec="57" bec="0" bev="0" fileid="2" />
                <SequencePoint vc="0" uspid="39" ordinal="4" offset="51" sl="61" sc="5" el="61" ec="55" bec="0" bev="0" fileid="2" />
                <SequencePoint vc="0" uspid="40" ordinal="5" offset="74" sl="63" sc="5" el="63" ec="45" bec="0" bev="0" fileid="2" />
                <SequencePoint vc="0" uspid="41" ordinal="6" offset="91" sl="66" sc="10" el="66" ec="20" bec="0" bev="0" fileid="2" />
                <SequencePoint vc="0" uspid="42" ordinal="7" offset="98" sl="66" sc="40" el="66" ec="41" bec="0" bev="0" fileid="2" />
                <SequencePoint vc="0" uspid="43" ordinal="8" offset="99" sl="67" sc="6" el="67" ec="39" bec="0" bev="0" fileid="2" />
                <SequencePoint vc="0" uspid="44" ordinal="9" offset="117" sl="68" sc="6" el="68" ec="36" bec="0" bev="0" fileid="2" />
                <SequencePoint vc="0" uspid="45" ordinal="10" offset="129" sl="69" sc="11" el="69" ec="21" bec="0" bev="0" fileid="2" />
                <SequencePoint vc="0" uspid="46" ordinal="11" offset="134" sl="69" sc="40" el="69" ec="41" bec="0" bev="0" fileid="2" />
                <SequencePoint vc="0" uspid="47" ordinal="12" offset="135" sl="70" sc="7" el="70" ec="34" bec="0" bev="0" fileid="2" />
                <SequencePoint vc="0" uspid="48" ordinal="13" offset="150" sl="71" sc="7" el="71" ec="47" bec="2" bev="0" fileid="2" />
                <SequencePoint vc="0" uspid="49" ordinal="14" offset="182" sl="71" sc="48" el="71" ec="49" bec="0" bev="0" fileid="2" />
                <SequencePoint vc="0" uspid="50" ordinal="15" offset="183" sl="72" sc="8" el="72" ec="53" bec="0" bev="0" fileid="2" />
                <SequencePoint vc="0" uspid="51" ordinal="16" offset="202" sl="73" sc="7" el="73" ec="8" bec="0" bev="0" fileid="2" />
                <SequencePoint vc="0" uspid="52" ordinal="17" offset="203" sl="74" sc="6" el="74" ec="7" bec="0" bev="0" fileid="2" />
                <SequencePoint vc="0" uspid="53" ordinal="18" offset="204" sl="69" sc="35" el="69" ec="38" bec="0" bev="0" fileid="2" />
                <SequencePoint vc="0" uspid="54" ordinal="19" offset="210" sl="69" sc="22" el="69" ec="33" bec="2" bev="0" fileid="2" />
                <SequencePoint vc="0" uspid="55" ordinal="20" offset="221" sl="75" sc="5" el="75" ec="6" bec="0" bev="0" fileid="2" />
                <SequencePoint vc="0" uspid="56" ordinal="21" offset="222" sl="66" sc="35" el="66" ec="38" bec="0" bev="0" fileid="2" />
                <SequencePoint vc="0" uspid="57" ordinal="22" offset="226" sl="66" sc="21" el="66" ec="33" bec="2" bev="0" fileid="2" />
                <SequencePoint vc="0" uspid="58" ordinal="23" offset="239" sl="76" sc="4" el="76" ec="5" bec="0" bev="0" fileid="2" />
                <SequencePoint vc="0" uspid="59" ordinal="24" offset="240" sl="77" sc="3" el="77" ec="4" bec="0" bev="0" fileid="2" />
              </SequencePoints>
              <BranchPoints>
                <BranchPoint vc="0" uspid="60" ordinal="0" offset="45" path="0" offsetchain="" offsetend="50" />
                <BranchPoint vc="0" uspid="61" ordinal="1" offset="45" path="1" offsetchain="" offsetend="240" />
                <BranchPoint vc="0" uspid="62" ordinal="2" offset="180" path="0" offsetchain="" offsetend="182" />
                <BranchPoint vc="0" uspid="63" ordinal="3" offset="180" path="1" offsetchain="" offsetend="203" />
                <BranchPoint vc="0" uspid="64" ordinal="4" offset="219" path="0" offsetchain="" offsetend="221" />
                <BranchPoint vc="0" uspid="65" ordinal="5" offset="219" path="1" offsetchain="" offsetend="134" />
                <BranchPoint vc="0" uspid="66" ordinal="6" offset="234" path="0" offsetchain="" offsetend="239" />
                <BranchPoint vc="0" uspid="67" ordinal="7" offset="234" path="1" offsetchain="" offsetend="98" />
              </BranchPoints>
              <MethodPoint xsi:type="SequencePoint" vc="0" uspid="35" ordinal="0" offset="0" sl="58" sc="3" el="58" ec="4" bec="0" bev="0" fileid="2" />
            </Method>
            <Method visited="false" cyclomaticComplexity="1" sequenceCoverage="0" branchCoverage="0" isConstructor="false" isStatic="false" isGetter="false" isSetter="false">
              <Summary numSequencePoints="2" visitedSequencePoints="0" numBranchPoints="1" visitedBranchPoints="0" sequenceCoverage="0" branchCoverage="0" maxCyclomaticComplexity="1" minCyclomaticComplexity="1" />
              <MetadataToken>100663300</MetadataToken>
              <Name>System.Void ColorTest.MainForm::TrackBar1ValueChanged(System.Object,System.EventArgs)</Name>
              <FileRef uid="2" />
              <SequencePoints>
                <SequencePoint vc="0" uspid="68" ordinal="0" offset="0" sl="80" sc="3" el="80" ec="4" bec="0" bev="0" fileid="2" />
                <SequencePoint vc="0" uspid="69" ordinal="1" offset="1" sl="82" sc="3" el="82" ec="4" bec="0" bev="0" fileid="2" />
              </SequencePoints>
              <BranchPoints />
              <MethodPoint xsi:type="SequencePoint" vc="0" uspid="68" ordinal="0" offset="0" sl="80" sc="3" el="80" ec="4" bec="0" bev="0" fileid="2" />
            </Method>
            <Method visited="false" cyclomaticComplexity="21" sequenceCoverage="0" branchCoverage="0" isConstructor="false" isStatic="false" isGetter="false" isSetter="false">
              <Summary numSequencePoints="106" visitedSequencePoints="0" numBranchPoints="41" visitedBranchPoints="0" sequenceCoverage="0" branchCoverage="0" maxCyclomaticComplexity="21" minCyclomaticComplexity="21" />
              <MetadataToken>100663301</MetadataToken>
              <Name>System.Void ColorTest.MainForm::NegativeHueScroll(System.Object,System.EventArgs)</Name>
              <FileRef uid="2" />
              <SequencePoints>
                <SequencePoint vc="0" uspid="70" ordinal="0" offset="0" sl="85" sc="3" el="85" ec="4" bec="0" bev="0" fileid="2" />
                <SequencePoint vc="0" uspid="71" ordinal="1" offset="1" sl="86" sc="5" el="86" ec="45" bec="0" bev="0" fileid="2" />
                <SequencePoint vc="0" uspid="72" ordinal="2" offset="18" sl="89" sc="10" el="89" ec="20" bec="0" bev="0" fileid="2" />
                <SequencePoint vc="0" uspid="73" ordinal="3" offset="25" sl="89" sc="40" el="89" ec="41" bec="0" bev="0" fileid="2" />
                <SequencePoint vc="0" uspid="74" ordinal="4" offset="26" sl="90" sc="6" el="90" ec="39" bec="0" bev="0" fileid="2" />
                <SequencePoint vc="0" uspid="75" ordinal="5" offset="44" sl="91" sc="6" el="91" ec="39" bec="2" bev="0" fileid="2" />
                <SequencePoint vc="0" uspid="76" ordinal="6" offset="69" sl="91" sc="40" el="91" ec="41" bec="0" bev="0" fileid="2" />
                <SequencePoint vc="0" uspid="77" ordinal="7" offset="70" sl="92" sc="7" el="92" ec="145" bec="0" bev="0" fileid="2" />
                <SequencePoint vc="0" uspid="78" ordinal="8" offset="149" sl="93" sc="7" el="93" ec="40" bec="0" bev="0" fileid="2" />
                <SequencePoint vc="0" uspid="79" ordinal="9" offset="167" sl="94" sc="6" el="94" ec="7" bec="0" bev="0" fileid="2" />
                <SequencePoint vc="0" uspid="80" ordinal="10" offset="168" sl="95" sc="6" el="95" ec="38" bec="2" bev="0" fileid="2" />
                <SequencePoint vc="0" uspid="81" ordinal="11" offset="193" sl="95" sc="39" el="95" ec="40" bec="0" bev="0" fileid="2" />
                <SequencePoint vc="0" uspid="82" ordinal="12" offset="194" sl="96" sc="7" el="96" ec="143" bec="0" bev="0" fileid="2" />
                <SequencePoint vc="0" uspid="83" ordinal="13" offset="273" sl="97" sc="7" el="97" ec="40" bec="0" bev="0" fileid="2" />
                <SequencePoint vc="0" uspid="84" ordinal="14" offset="291" sl="98" sc="6" el="98" ec="7" bec="0" bev="0" fileid="2" />
                <SequencePoint vc="0" uspid="85" ordinal="15" offset="292" sl="99" sc="6" el="99" ec="39" bec="2" bev="0" fileid="2" />
                <SequencePoint vc="0" uspid="86" ordinal="16" offset="317" sl="99" sc="40" el="99" ec="41" bec="0" bev="0" fileid="2" />
                <SequencePoint vc="0" uspid="87" ordinal="17" offset="318" sl="100" sc="7" el="100" ec="145" bec="0" bev="0" fileid="2" />
                <SequencePoint vc="0" uspid="88" ordinal="18" offset="397" sl="101" sc="7" el="101" ec="40" bec="0" bev="0" fileid="2" />
                <SequencePoint vc="0" uspid="89" ordinal="19" offset="415" sl="102" sc="6" el="102" ec="7" bec="0" bev="0" fileid="2" />
                <SequencePoint vc="0" uspid="90" ordinal="20" offset="416" sl="103" sc="6" el="103" ec="40" bec="2" bev="0" fileid="2" />
                <SequencePoint vc="0" uspid="91" ordinal="21" offset="441" sl="103" sc="41" el="103" ec="42" bec="0" bev="0" fileid="2" />
                <SequencePoint vc="0" uspid="92" ordinal="22" offset="442" sl="104" sc="7" el="104" ec="146" bec="0" bev="0" fileid="2" />
                <SequencePoint vc="0" uspid="93" ordinal="23" offset="521" sl="105" sc="7" el="105" ec="40" bec="0" bev="0" fileid="2" />
                <SequencePoint vc="0" uspid="94" ordinal="24" offset="539" sl="106" sc="6" el="106" ec="7" bec="0" bev="0" fileid="2" />
                <SequencePoint vc="0" uspid="95" ordinal="25" offset="540" sl="107" sc="6" el="107" ec="39" bec="2" bev="0" fileid="2" />
                <SequencePoint vc="0" uspid="96" ordinal="26" offset="565" sl="107" sc="40" el="107" ec="41" bec="0" bev="0" fileid="2" />
                <SequencePoint vc="0" uspid="97" ordinal="27" offset="566" sl="108" sc="7" el="108" ec="144" bec="0" bev="0" fileid="2" />
                <SequencePoint vc="0" uspid="98" ordinal="28" offset="645" sl="109" sc="8" el="109" ec="41" bec="0" bev="0" fileid="2" />
                <SequencePoint vc="0" uspid="99" ordinal="29" offset="663" sl="110" sc="6" el="110" ec="7" bec="0" bev="0" fileid="2" />
                <SequencePoint vc="0" uspid="100" ordinal="30" offset="664" sl="111" sc="6" el="111" ec="40" bec="2" bev="0" fileid="2" />
                <SequencePoint vc="0" uspid="101" ordinal="31" offset="689" sl="111" sc="41" el="111" ec="42" bec="0" bev="0" fileid="2" />
                <SequencePoint vc="0" uspid="102" ordinal="32" offset="690" sl="112" sc="7" el="112" ec="146" bec="0" bev="0" fileid="2" />
                <SequencePoint vc="0" uspid="103" ordinal="33" offset="769" sl="113" sc="7" el="113" ec="40" bec="0" bev="0" fileid="2" />
                <SequencePoint vc="0" uspid="104" ordinal="34" offset="787" sl="114" sc="6" el="114" ec="7" bec="0" bev="0" fileid="2" />
                <SequencePoint vc="0" uspid="105" ordinal="35" offset="788" sl="115" sc="6" el="115" ec="38" bec="2" bev="0" fileid="2" />
                <SequencePoint vc="0" uspid="106" ordinal="36" offset="813" sl="115" sc="39" el="115" ec="40" bec="0" bev="0" fileid="2" />
                <SequencePoint vc="0" uspid="107" ordinal="37" offset="814" sl="116" sc="7" el="116" ec="144" bec="0" bev="0" fileid="2" />
                <SequencePoint vc="0" uspid="108" ordinal="38" offset="893" sl="117" sc="7" el="117" ec="40" bec="0" bev="0" fileid="2" />
                <SequencePoint vc="0" uspid="109" ordinal="39" offset="911" sl="118" sc="6" el="118" ec="7" bec="0" bev="0" fileid="2" />
                <SequencePoint vc="0" uspid="110" ordinal="40" offset="912" sl="119" sc="6" el="119" ec="37" bec="2" bev="0" fileid="2" />
                <SequencePoint vc="0" uspid="111" ordinal="41" offset="937" sl="119" sc="38" el="119" ec="39" bec="0" bev="0" fileid="2" />
                <SequencePoint vc="0" uspid="112" ordinal="42" offset="938" sl="120" sc="7" el="120" ec="142" bec="0" bev="0" fileid="2" />
                <SequencePoint vc="0" uspid="113" ordinal="43" offset="1017" sl="121" sc="7" el="121" ec="40" bec="0" bev="0" fileid="2" />
                <SequencePoint vc="0" uspid="114" ordinal="44" offset="1035" sl="122" sc="6" el="122" ec="7" bec="0" bev="0" fileid="2" />
                <SequencePoint vc="0" uspid="115" ordinal="45" offset="1036" sl="123" sc="6" el="123" ec="38" bec="2" bev="0" fileid="2" />
                <SequencePoint vc="0" uspid="116" ordinal="46" offset="1061" sl="123" sc="39" el="123" ec="40" bec="0" bev="0" fileid="2" />
                <SequencePoint vc="0" uspid="117" ordinal="47" offset="1062" sl="124" sc="7" el="124" ec="144" bec="0" bev="0" fileid="2" />
                <SequencePoint vc="0" uspid="118" ordinal="48" offset="1141" sl="125" sc="7" el="125" ec="40" bec="0" bev="0" fileid="2" />
                <SequencePoint vc="0" uspid="119" ordinal="49" offset="1159" sl="126" sc="6" el="126" ec="7" bec="0" bev="0" fileid="2" />
                <SequencePoint vc="0" uspid="120" ordinal="50" offset="1160" sl="127" sc="6" el="127" ec="36" bec="0" bev="0" fileid="2" />
                <SequencePoint vc="0" uspid="121" ordinal="51" offset="1172" sl="128" sc="11" el="128" ec="21" bec="0" bev="0" fileid="2" />
                <SequencePoint vc="0" uspid="122" ordinal="52" offset="1180" sl="128" sc="40" el="128" ec="41" bec="0" bev="0" fileid="2" />
                <SequencePoint vc="0" uspid="123" ordinal="53" offset="1181" sl="129" sc="7" el="129" ec="34" bec="0" bev="0" fileid="2" />
                <SequencePoint vc="0" uspid="124" ordinal="54" offset="1196" sl="130" sc="7" el="130" ec="39" bec="2" bev="0" fileid="2" />
                <SequencePoint vc="0" uspid="125" ordinal="55" offset="1222" sl="130" sc="40" el="130" ec="41" bec="0" bev="0" fileid="2" />
                <SequencePoint vc="0" uspid="126" ordinal="56" offset="1223" sl="131" sc="8" el="131" ec="146" bec="0" bev="0" fileid="2" />
                <SequencePoint vc="0" uspid="127" ordinal="57" offset="1303" sl="132" sc="8" el="132" ec="41" bec="0" bev="0" fileid="2" />
                <SequencePoint vc="0" uspid="128" ordinal="58" offset="1322" sl="133" sc="7" el="133" ec="8" bec="0" bev="0" fileid="2" />
                <SequencePoint vc="0" uspid="129" ordinal="59" offset="1323" sl="134" sc="7" el="134" ec="38" bec="2" bev="0" fileid="2" />
                <SequencePoint vc="0" uspid="130" ordinal="60" offset="1349" sl="134" sc="39" el="134" ec="40" bec="0" bev="0" fileid="2" />
                <SequencePoint vc="0" uspid="131" ordinal="61" offset="1350" sl="135" sc="8" el="135" ec="144" bec="0" bev="0" fileid="2" />
                <SequencePoint vc="0" uspid="132" ordinal="62" offset="1430" sl="136" sc="8" el="136" ec="41" bec="0" bev="0" fileid="2" />
                <SequencePoint vc="0" uspid="133" ordinal="63" offset="1449" sl="137" sc="7" el="137" ec="8" bec="0" bev="0" fileid="2" />
                <SequencePoint vc="0" uspid="134" ordinal="64" offset="1450" sl="138" sc="7" el="138" ec="39" bec="2" bev="0" fileid="2" />
                <SequencePoint vc="0" uspid="135" ordinal="65" offset="1476" sl="138" sc="40" el="138" ec="41" bec="0" bev="0" fileid="2" />
                <SequencePoint vc="0" uspid="136" ordinal="66" offset="1477" sl="139" sc="8" el="139" ec="146" bec="0" bev="0" fileid="2" />
                <SequencePoint vc="0" uspid="137" ordinal="67" offset="1557" sl="140" sc="8" el="140" ec="41" bec="0" bev="0" fileid="2" />
                <SequencePoint vc="0" uspid="138" ordinal="68" offset="1576" sl="141" sc="7" el="141" ec="8" bec="0" bev="0" fileid="2" />
                <SequencePoint vc="0" uspid="139" ordinal="69" offset="1577" sl="142" sc="7" el="142" ec="40" bec="2" bev="0" fileid="2" />
                <SequencePoint vc="0" uspid="140" ordinal="70" offset="1603" sl="142" sc="41" el="142" ec="42" bec="0" bev="0" fileid="2" />
                <SequencePoint vc="0" uspid="141" ordinal="71" offset="1604" sl="143" sc="8" el="143" ec="147" bec="0" bev="0" fileid="2" />
                <SequencePoint vc="0" uspid="142" ordinal="72" offset="1684" sl="144" sc="8" el="144" ec="41" bec="0" bev="0" fileid="2" />
                <SequencePoint vc="0" uspid="143" ordinal="73" offset="1703" sl="145" sc="7" el="145" ec="8" bec="0" bev="0" fileid="2" />
                <SequencePoint vc="0" uspid="144" ordinal="74" offset="1704" sl="146" sc="7" el="146" ec="39" bec="2" bev="0" fileid="2" />
                <SequencePoint vc="0" uspid="145" ordinal="75" offset="1730" sl="146" sc="40" el="146" ec="41" bec="0" bev="0" fileid="2" />
                <SequencePoint vc="0" uspid="146" ordinal="76" offset="1731" sl="147" sc="8" el="147" ec="145" bec="0" bev="0" fileid="2" />
                <SequencePoint vc="0" uspid="147" ordinal="77" offset="1811" sl="148" sc="8" el="148" ec="41" bec="0" bev="0" fileid="2" />
                <SequencePoint vc="0" uspid="148" ordinal="78" offset="1830" sl="149" sc="7" el="149" ec="8" bec="0" bev="0" fileid="2" />
                <SequencePoint vc="0" uspid="149" ordinal="79" offset="1831" sl="150" sc="7" el="150" ec="40" bec="2" bev="0" fileid="2" />
                <SequencePoint vc="0" uspid="150" ordinal="80" offset="1857" sl="150" sc="41" el="150" ec="42" bec="0" bev="0" fileid="2" />
                <SequencePoint vc="0" uspid="151" ordinal="81" offset="1858" sl="151" sc="8" el="151" ec="147" bec="0" bev="0" fileid="2" />
                <SequencePoint vc="0" uspid="152" ordinal="82" offset="1938" sl="152" sc="8" el="152" ec="41" bec="0" bev="0" fileid="2" />
                <SequencePoint vc="0" uspid="153" ordinal="83" offset="1957" sl="153" sc="7" el="153" ec="8" bec="0" bev="0" fileid="2" />
                <SequencePoint vc="0" uspid="154" ordinal="84" offset="1958" sl="154" sc="7" el="154" ec="38" bec="2" bev="0" fileid="2" />
                <SequencePoint vc="0" uspid="155" ordinal="85" offset="1984" sl="154" sc="39" el="154" ec="40" bec="0" bev="0" fileid="2" />
                <SequencePoint vc="0" uspid="156" ordinal="86" offset="1985" sl="155" sc="8" el="155" ec="145" bec="0" bev="0" fileid="2" />
                <SequencePoint vc="0" uspid="157" ordinal="87" offset="2065" sl="156" sc="8" el="156" ec="41" bec="0" bev="0" fileid="2" />
                <SequencePoint vc="0" uspid="158" ordinal="88" offset="2084" sl="157" sc="7" el="157" ec="8" bec="0" bev="0" fileid="2" />
                <SequencePoint vc="0" uspid="159" ordinal="89" offset="2085" sl="158" sc="7" el="158" ec="37" bec="2" bev="0" fileid="2" />
                <SequencePoint vc="0" uspid="160" ordinal="90" offset="2111" sl="158" sc="38" el="158" ec="39" bec="0" bev="0" fileid="2" />
                <SequencePoint vc="0" uspid="161" ordinal="91" offset="2112" sl="159" sc="8" el="159" ec="143" bec="0" bev="0" fileid="2" />
                <SequencePoint vc="0" uspid="162" ordinal="92" offset="2192" sl="160" sc="8" el="160" ec="41" bec="0" bev="0" fileid="2" />
                <SequencePoint vc="0" uspid="163" ordinal="93" offset="2211" sl="161" sc="7" el="161" ec="8" bec="0" bev="0" fileid="2" />
                <SequencePoint vc="0" uspid="164" ordinal="94" offset="2212" sl="162" sc="7" el="162" ec="38" bec="2" bev="0" fileid="2" />
                <SequencePoint vc="0" uspid="165" ordinal="95" offset="2238" sl="162" sc="39" el="162" ec="40" bec="0" bev="0" fileid="2" />
                <SequencePoint vc="0" uspid="166" ordinal="96" offset="2239" sl="163" sc="8" el="163" ec="145" bec="0" bev="0" fileid="2" />
                <SequencePoint vc="0" uspid="167" ordinal="97" offset="2319" sl="164" sc="8" el="164" ec="41" bec="0" bev="0" fileid="2" />
                <SequencePoint vc="0" uspid="168" ordinal="98" offset="2338" sl="165" sc="7" el="165" ec="8" bec="0" bev="0" fileid="2" />
                <SequencePoint vc="0" uspid="169" ordinal="99" offset="2339" sl="166" sc="6" el="166" ec="7" bec="0" bev="0" fileid="2" />
                <SequencePoint vc="0" uspid="170" ordinal="100" offset="2340" sl="128" sc="35" el="128" ec="38" bec="0" bev="0" fileid="2" />
                <SequencePoint vc="0" uspid="171" ordinal="101" offset="2346" sl="128" sc="22" el="128" ec="33" bec="2" bev="0" fileid="2" />
                <SequencePoint vc="0" uspid="172" ordinal="102" offset="2360" sl="167" sc="5" el="167" ec="6" bec="0" bev="0" fileid="2" />
                <SequencePoint vc="0" uspid="173" ordinal="103" offset="2361" sl="89" sc="35" el="89" ec="38" bec="0" bev="0" fileid="2" />
                <SequencePoint vc="0" uspid="174" ordinal="104" offset="2365" sl="89" sc="21" el="89" ec="33" bec="2" bev="0" fileid="2" />
                <SequencePoint vc="0" uspid="175" ordinal="105" offset="2378" sl="168" sc="4" el="168" ec="5" bec="0" bev="0" fileid="2" />
              </SequencePoints>
              <BranchPoints>
                <BranchPoint vc="0" uspid="176" ordinal="0" offset="67" path="0" offsetchain="" offsetend="69" />
                <BranchPoint vc="0" uspid="177" ordinal="1" offset="67" path="1" offsetchain="" offsetend="168" />
                <BranchPoint vc="0" uspid="178" ordinal="2" offset="191" path="0" offsetchain="" offsetend="193" />
                <BranchPoint vc="0" uspid="179" ordinal="3" offset="191" path="1" offsetchain="" offsetend="292" />
                <BranchPoint vc="0" uspid="180" ordinal="4" offset="315" path="0" offsetchain="" offsetend="317" />
                <BranchPoint vc="0" uspid="181" ordinal="5" offset="315" path="1" offsetchain="" offsetend="416" />
                <BranchPoint vc="0" uspid="182" ordinal="6" offset="439" path="0" offsetchain="" offsetend="441" />
                <BranchPoint vc="0" uspid="183" ordinal="7" offset="439" path="1" offsetchain="" offsetend="540" />
                <BranchPoint vc="0" uspid="184" ordinal="8" offset="563" path="0" offsetchain="" offsetend="565" />
                <BranchPoint vc="0" uspid="185" ordinal="9" offset="563" path="1" offsetchain="" offsetend="664" />
                <BranchPoint vc="0" uspid="186" ordinal="10" offset="687" path="0" offsetchain="" offsetend="689" />
                <BranchPoint vc="0" uspid="187" ordinal="11" offset="687" path="1" offsetchain="" offsetend="788" />
                <BranchPoint vc="0" uspid="188" ordinal="12" offset="811" path="0" offsetchain="" offsetend="813" />
                <BranchPoint vc="0" uspid="189" ordinal="13" offset="811" path="1" offsetchain="" offsetend="912" />
                <BranchPoint vc="0" uspid="190" ordinal="14" offset="935" path="0" offsetchain="" offsetend="937" />
                <BranchPoint vc="0" uspid="191" ordinal="15" offset="935" path="1" offsetchain="" offsetend="1036" />
                <BranchPoint vc="0" uspid="192" ordinal="16" offset="1059" path="0" offsetchain="" offsetend="1061" />
                <BranchPoint vc="0" uspid="193" ordinal="17" offset="1059" path="1" offsetchain="" offsetend="1160" />
                <BranchPoint vc="0" uspid="194" ordinal="18" offset="1220" path="0" offsetchain="" offsetend="1222" />
                <BranchPoint vc="0" uspid="195" ordinal="19" offset="1220" path="1" offsetchain="" offsetend="1323" />
                <BranchPoint vc="0" uspid="196" ordinal="20" offset="1347" path="0" offsetchain="" offsetend="1349" />
                <BranchPoint vc="0" uspid="197" ordinal="21" offset="1347" path="1" offsetchain="" offsetend="1450" />
                <BranchPoint vc="0" uspid="198" ordinal="22" offset="1474" path="0" offsetchain="" offsetend="1476" />
                <BranchPoint vc="0" uspid="199" ordinal="23" offset="1474" path="1" offsetchain="" offsetend="1577" />
                <BranchPoint vc="0" uspid="200" ordinal="24" offset="1601" path="0" offsetchain="" offsetend="1603" />
                <BranchPoint vc="0" uspid="201" ordinal="25" offset="1601" path="1" offsetchain="" offsetend="1704" />
                <BranchPoint vc="0" uspid="202" ordinal="26" offset="1728" path="0" offsetchain="" offsetend="1730" />
                <BranchPoint vc="0" uspid="203" ordinal="27" offset="1728" path="1" offsetchain="" offsetend="1831" />
                <BranchPoint vc="0" uspid="204" ordinal="28" offset="1855" path="0" offsetchain="" offsetend="1857" />
                <BranchPoint vc="0" uspid="205" ordinal="29" offset="1855" path="1" offsetchain="" offsetend="1958" />
                <BranchPoint vc="0" uspid="206" ordinal="30" offset="1982" path="0" offsetchain="" offsetend="1984" />
                <BranchPoint vc="0" uspid="207" ordinal="31" offset="1982" path="1" offsetchain="" offsetend="2085" />
                <BranchPoint vc="0" uspid="208" ordinal="32" offset="2109" path="0" offsetchain="" offsetend="2111" />
                <BranchPoint vc="0" uspid="209" ordinal="33" offset="2109" path="1" offsetchain="" offsetend="2212" />
                <BranchPoint vc="0" uspid="210" ordinal="34" offset="2236" path="0" offsetchain="" offsetend="2238" />
                <BranchPoint vc="0" uspid="211" ordinal="35" offset="2236" path="1" offsetchain="" offsetend="2339" />
                <BranchPoint vc="0" uspid="212" ordinal="36" offset="2355" path="0" offsetchain="" offsetend="2360" />
                <BranchPoint vc="0" uspid="213" ordinal="37" offset="2355" path="1" offsetchain="" offsetend="1180" />
                <BranchPoint vc="0" uspid="214" ordinal="38" offset="2373" path="0" offsetchain="" offsetend="2378" />
                <BranchPoint vc="0" uspid="215" ordinal="39" offset="2373" path="1" offsetchain="" offsetend="25" />
              </BranchPoints>
              <MethodPoint xsi:type="SequencePoint" vc="0" uspid="70" ordinal="0" offset="0" sl="85" sc="3" el="85" ec="4" bec="0" bev="0" fileid="2" />
            </Method>
            <Method visited="false" cyclomaticComplexity="6" sequenceCoverage="0" branchCoverage="0" isConstructor="false" isStatic="false" isGetter="false" isSetter="false">
              <Summary numSequencePoints="26" visitedSequencePoints="0" numBranchPoints="11" visitedBranchPoints="0" sequenceCoverage="0" branchCoverage="0" maxCyclomaticComplexity="6" minCyclomaticComplexity="6" />
              <MetadataToken>100663302</MetadataToken>
              <Name>System.Void ColorTest.MainForm::CheckedListBox1SelectedIndexChanged(System.Object,System.EventArgs)</Name>
              <FileRef uid="2" />
              <SequencePoints>
                <SequencePoint vc="0" uspid="216" ordinal="0" offset="0" sl="170" sc="3" el="170" ec="4" bec="0" bev="0" fileid="2" />
                <SequencePoint vc="0" uspid="217" ordinal="1" offset="1" sl="171" sc="4" el="171" ec="42" bec="0" bev="0" fileid="2" />
                <SequencePoint vc="0" uspid="218" ordinal="2" offset="13" sl="172" sc="4" el="172" ec="21" bec="2" bev="0" fileid="2" />
                <SequencePoint vc="0" uspid="219" ordinal="3" offset="32" sl="172" sc="22" el="172" ec="23" bec="0" bev="0" fileid="2" />
                <SequencePoint vc="0" uspid="220" ordinal="4" offset="33" sl="173" sc="5" el="173" ec="50" bec="2" bev="0" fileid="2" />
                <SequencePoint vc="0" uspid="221" ordinal="5" offset="58" sl="173" sc="51" el="173" ec="52" bec="0" bev="0" fileid="2" />
                <SequencePoint vc="0" uspid="222" ordinal="6" offset="59" sl="174" sc="6" el="174" ec="39" bec="0" bev="0" fileid="2" />
                <SequencePoint vc="0" uspid="223" ordinal="7" offset="66" sl="175" sc="6" el="175" ec="35" bec="0" bev="0" fileid="2" />
                <SequencePoint vc="0" uspid="224" ordinal="8" offset="75" sl="176" sc="5" el="176" ec="6" bec="0" bev="0" fileid="2" />
                <SequencePoint vc="0" uspid="225" ordinal="9" offset="76" sl="177" sc="5" el="177" ec="50" bec="2" bev="0" fileid="2" />
                <SequencePoint vc="0" uspid="226" ordinal="10" offset="101" sl="177" sc="51" el="177" ec="52" bec="0" bev="0" fileid="2" />
                <SequencePoint vc="0" uspid="227" ordinal="11" offset="102" sl="178" sc="6" el="178" ec="39" bec="0" bev="0" fileid="2" />
                <SequencePoint vc="0" uspid="228" ordinal="12" offset="109" sl="179" sc="6" el="179" ec="35" bec="0" bev="0" fileid="2" />
                <SequencePoint vc="0" uspid="229" ordinal="13" offset="118" sl="180" sc="5" el="180" ec="6" bec="0" bev="0" fileid="2" />
                <SequencePoint vc="0" uspid="230" ordinal="14" offset="119" sl="181" sc="5" el="181" ec="50" bec="2" bev="0" fileid="2" />
                <SequencePoint vc="0" uspid="231" ordinal="15" offset="144" sl="181" sc="51" el="181" ec="52" bec="0" bev="0" fileid="2" />
                <SequencePoint vc="0" uspid="232" ordinal="16" offset="145" sl="182" sc="6" el="182" ec="39" bec="0" bev="0" fileid="2" />
                <SequencePoint vc="0" uspid="233" ordinal="17" offset="152" sl="183" sc="6" el="183" ec="35" bec="0" bev="0" fileid="2" />
                <SequencePoint vc="0" uspid="234" ordinal="18" offset="161" sl="184" sc="5" el="184" ec="6" bec="0" bev="0" fileid="2" />
                <SequencePoint vc="0" uspid="235" ordinal="19" offset="162" sl="185" sc="5" el="185" ec="50" bec="2" bev="0" fileid="2" />
                <SequencePoint vc="0" uspid="236" ordinal="20" offset="187" sl="185" sc="51" el="185" ec="52" bec="0" bev="0" fileid="2" />
                <SequencePoint vc="0" uspid="237" ordinal="21" offset="188" sl="186" sc="6" el="186" ec="39" bec="0" bev="0" fileid="2" />
                <SequencePoint vc="0" uspid="238" ordinal="22" offset="195" sl="187" sc="6" el="187" ec="35" bec="0" bev="0" fileid="2" />
                <SequencePoint vc="0" uspid="239" ordinal="23" offset="204" sl="188" sc="5" el="188" ec="6" bec="0" bev="0" fileid="2" />
                <SequencePoint vc="0" uspid="240" ordinal="24" offset="205" sl="189" sc="4" el="189" ec="5" bec="0" bev="0" fileid="2" />
                <SequencePoint vc="0" uspid="241" ordinal="25" offset="206" sl="190" sc="3" el="190" ec="4" bec="0" bev="0" fileid="2" />
              </SequencePoints>
              <BranchPoints>
                <BranchPoint vc="0" uspid="242" ordinal="0" offset="27" path="0" offsetchain="" offsetend="32" />
                <BranchPoint vc="0" uspid="243" ordinal="1" offset="27" path="1" offsetchain="" offsetend="206" />
                <BranchPoint vc="0" uspid="244" ordinal="2" offset="56" path="0" offsetchain="" offsetend="58" />
                <BranchPoint vc="0" uspid="245" ordinal="3" offset="56" path="1" offsetchain="" offsetend="76" />
                <BranchPoint vc="0" uspid="246" ordinal="4" offset="99" path="0" offsetchain="" offsetend="101" />
                <BranchPoint vc="0" uspid="247" ordinal="5" offset="99" path="1" offsetchain="" offsetend="119" />
                <BranchPoint vc="0" uspid="248" ordinal="6" offset="142" path="0" offsetchain="" offsetend="144" />
                <BranchPoint vc="0" uspid="249" ordinal="7" offset="142" path="1" offsetchain="" offsetend="162" />
                <BranchPoint vc="0" uspid="250" ordinal="8" offset="185" path="0" offsetchain="" offsetend="187" />
                <BranchPoint vc="0" uspid="251" ordinal="9" offset="185" path="1" offsetchain="" offsetend="205" />
              </BranchPoints>
              <MethodPoint xsi:type="SequencePoint" vc="0" uspid="216" ordinal="0" offset="0" sl="170" sc="3" el="170" ec="4" bec="0" bev="0" fileid="2" />
            </Method>
            <Method visited="false" cyclomaticComplexity="1" sequenceCoverage="0" branchCoverage="0" isConstructor="false" isStatic="false" isGetter="false" isSetter="false">
              <Summary numSequencePoints="1451" visitedSequencePoints="0" numBranchPoints="1" visitedBranchPoints="0" sequenceCoverage="0" branchCoverage="0" maxCyclomaticComplexity="1" minCyclomaticComplexity="1" />
              <MetadataToken>100663303</MetadataToken>
              <Name>System.Void ColorTest.MainForm::InitializeComponent()</Name>
              <FileRef uid="1" />
              <SequencePoints>
                <SequencePoint vc="0" uspid="252" ordinal="0" offset="0" sl="143" sc="3" el="143" ec="4" bec="0" bev="0" fileid="1" />
                <SequencePoint vc="0" uspid="253" ordinal="1" offset="1" sl="144" sc="4" el="144" ec="69" bec="0" bev="0" fileid="1" />
                <SequencePoint vc="0" uspid="254" ordinal="2" offset="12" sl="145" sc="4" el="145" ec="65" bec="0" bev="0" fileid="1" />
                <SequencePoint vc="0" uspid="255" ordinal="3" offset="23" sl="146" sc="4" el="146" ec="68" bec="0" bev="0" fileid="1" />
                <SequencePoint vc="0" uspid="256" ordinal="4" offset="34" sl="147" sc="4" el="147" ec="52" bec="0" bev="0" fileid="1" />
                <SequencePoint vc="0" uspid="257" ordinal="5" offset="45" sl="148" sc="4" el="148" ec="52" bec="0" bev="0" fileid="1" />
                <SequencePoint vc="0" uspid="258" ordinal="6" offset="56" sl="149" sc="4" el="149" ec="52" bec="0" bev="0" fileid="1" />
                <SequencePoint vc="0" uspid="259" ordinal="7" offset="67" sl="150" sc="4" el="150" ec="52" bec="0" bev="0" fileid="1" />
                <SequencePoint vc="0" uspid="260" ordinal="8" offset="78" sl="151" sc="4" el="151" ec="52" bec="0" bev="0" fileid="1" />
                <SequencePoint vc="0" uspid="261" ordinal="9" offset="89" sl="152" sc="4" el="152" ec="52" bec="0" bev="0" fileid="1" />
                <SequencePoint vc="0" uspid="262" ordinal="10" offset="100" sl="153" sc="4" el="153" ec="52" bec="0" bev="0" fileid="1" />
                <SequencePoint vc="0" uspid="263" ordinal="11" offset="111" sl="154" sc="4" el="154" ec="52" bec="0" bev="0" fileid="1" />
                <SequencePoint vc="0" uspid="264" ordinal="12" offset="122" sl="155" sc="4" el="155" ec="52" bec="0" bev="0" fileid="1" />
                <SequencePoint vc="0" uspid="265" ordinal="13" offset="133" sl="156" sc="4" el="156" ec="67" bec="0" bev="0" fileid="1" />
                <SequencePoint vc="0" uspid="266" ordinal="14" offset="144" sl="157" sc="4" el="157" ec="52" bec="0" bev="0" fileid="1" />
                <SequencePoint vc="0" uspid="267" ordinal="15" offset="155" sl="158" sc="4" el="158" ec="52" bec="0" bev="0" fileid="1" />
                <SequencePoint vc="0" uspid="268" ordinal="16" offset="166" sl="159" sc="4" el="159" ec="52" bec="0" bev="0" fileid="1" />
                <SequencePoint vc="0" uspid="269" ordinal="17" offset="177" sl="160" sc="4" el="160" ec="52" bec="0" bev="0" fileid="1" />
                <SequencePoint vc="0" uspid="270" ordinal="18" offset="188" sl="161" sc="4" el="161" ec="52" bec="0" bev="0" fileid="1" />
                <SequencePoint vc="0" uspid="271" ordinal="19" offset="199" sl="162" sc="4" el="162" ec="52" bec="0" bev="0" fileid="1" />
                <SequencePoint vc="0" uspid="272" ordinal="20" offset="210" sl="163" sc="4" el="163" ec="52" bec="0" bev="0" fileid="1" />
                <SequencePoint vc="0" uspid="273" ordinal="21" offset="221" sl="164" sc="4" el="164" ec="52" bec="0" bev="0" fileid="1" />
                <SequencePoint vc="0" uspid="274" ordinal="22" offset="232" sl="165" sc="4" el="165" ec="52" bec="0" bev="0" fileid="1" />
                <SequencePoint vc="0" uspid="275" ordinal="23" offset="243" sl="166" sc="4" el="166" ec="68" bec="0" bev="0" fileid="1" />
                <SequencePoint vc="0" uspid="276" ordinal="24" offset="254" sl="167" sc="4" el="167" ec="52" bec="0" bev="0" fileid="1" />
                <SequencePoint vc="0" uspid="277" ordinal="25" offset="265" sl="168" sc="4" el="168" ec="52" bec="0" bev="0" fileid="1" />
                <SequencePoint vc="0" uspid="278" ordinal="26" offset="276" sl="169" sc="4" el="169" ec="52" bec="0" bev="0" fileid="1" />
                <SequencePoint vc="0" uspid="279" ordinal="27" offset="287" sl="170" sc="4" el="170" ec="52" bec="0" bev="0" fileid="1" />
                <SequencePoint vc="0" uspid="280" ordinal="28" offset="298" sl="171" sc="4" el="171" ec="52" bec="0" bev="0" fileid="1" />
                <SequencePoint vc="0" uspid="281" ordinal="29" offset="309" sl="172" sc="4" el="172" ec="52" bec="0" bev="0" fileid="1" />
                <SequencePoint vc="0" uspid="282" ordinal="30" offset="320" sl="173" sc="4" el="173" ec="52" bec="0" bev="0" fileid="1" />
                <SequencePoint vc="0" uspid="283" ordinal="31" offset="331" sl="174" sc="4" el="174" ec="52" bec="0" bev="0" fileid="1" />
                <SequencePoint vc="0" uspid="284" ordinal="32" offset="342" sl="175" sc="4" el="175" ec="52" bec="0" bev="0" fileid="1" />
                <SequencePoint vc="0" uspid="285" ordinal="33" offset="353" sl="176" sc="4" el="176" ec="69" bec="0" bev="0" fileid="1" />
                <SequencePoint vc="0" uspid="286" ordinal="34" offset="364" sl="177" sc="4" el="177" ec="51" bec="0" bev="0" fileid="1" />
                <SequencePoint vc="0" uspid="287" ordinal="35" offset="375" sl="178" sc="4" el="178" ec="51" bec="0" bev="0" fileid="1" />
                <SequencePoint vc="0" uspid="288" ordinal="36" offset="386" sl="179" sc="4" el="179" ec="51" bec="0" bev="0" fileid="1" />
                <SequencePoint vc="0" uspid="289" ordinal="37" offset="397" sl="180" sc="4" el="180" ec="51" bec="0" bev="0" fileid="1" />
                <SequencePoint vc="0" uspid="290" ordinal="38" offset="408" sl="181" sc="4" el="181" ec="51" bec="0" bev="0" fileid="1" />
                <SequencePoint vc="0" uspid="291" ordinal="39" offset="419" sl="182" sc="4" el="182" ec="51" bec="0" bev="0" fileid="1" />
                <SequencePoint vc="0" uspid="292" ordinal="40" offset="430" sl="183" sc="4" el="183" ec="51" bec="0" bev="0" fileid="1" />
                <SequencePoint vc="0" uspid="293" ordinal="41" offset="441" sl="184" sc="4" el="184" ec="51" bec="0" bev="0" fileid="1" />
                <SequencePoint vc="0" uspid="294" ordinal="42" offset="452" sl="185" sc="4" el="185" ec="51" bec="0" bev="0" fileid="1" />
                <SequencePoint vc="0" uspid="295" ordinal="43" offset="463" sl="186" sc="4" el="186" ec="68" bec="0" bev="0" fileid="1" />
                <SequencePoint vc="0" uspid="296" ordinal="44" offset="474" sl="187" sc="4" el="187" ec="52" bec="0" bev="0" fileid="1" />
                <SequencePoint vc="0" uspid="297" ordinal="45" offset="485" sl="188" sc="4" el="188" ec="52" bec="0" bev="0" fileid="1" />
                <SequencePoint vc="0" uspid="298" ordinal="46" offset="496" sl="189" sc="4" el="189" ec="52" bec="0" bev="0" fileid="1" />
                <SequencePoint vc="0" uspid="299" ordinal="47" offset="507" sl="190" sc="4" el="190" ec="52" bec="0" bev="0" fileid="1" />
                <SequencePoint vc="0" uspid="300" ordinal="48" offset="518" sl="191" sc="4" el="191" ec="52" bec="0" bev="0" fileid="1" />
                <SequencePoint vc="0" uspid="301" ordinal="49" offset="529" sl="192" sc="4" el="192" ec="52" bec="0" bev="0" fileid="1" />
                <SequencePoint vc="0" uspid="302" ordinal="50" offset="540" sl="193" sc="4" el="193" ec="52" bec="0" bev="0" fileid="1" />
                <SequencePoint vc="0" uspid="303" ordinal="51" offset="551" sl="194" sc="4" el="194" ec="52" bec="0" bev="0" fileid="1" />
                <SequencePoint vc="0" uspid="304" ordinal="52" offset="562" sl="195" sc="4" el="195" ec="52" bec="0" bev="0" fileid="1" />
                <SequencePoint vc="0" uspid="305" ordinal="53" offset="573" sl="196" sc="4" el="196" ec="69" bec="0" bev="0" fileid="1" />
                <SequencePoint vc="0" uspid="306" ordinal="54" offset="584" sl="197" sc="4" el="197" ec="52" bec="0" bev="0" fileid="1" />
                <SequencePoint vc="0" uspid="307" ordinal="55" offset="595" sl="198" sc="4" el="198" ec="52" bec="0" bev="0" fileid="1" />
                <SequencePoint vc="0" uspid="308" ordinal="56" offset="606" sl="199" sc="4" el="199" ec="52" bec="0" bev="0" fileid="1" />
                <SequencePoint vc="0" uspid="309" ordinal="57" offset="617" sl="200" sc="4" el="200" ec="52" bec="0" bev="0" fileid="1" />
                <SequencePoint vc="0" uspid="310" ordinal="58" offset="628" sl="201" sc="4" el="201" ec="52" bec="0" bev="0" fileid="1" />
                <SequencePoint vc="0" uspid="311" ordinal="59" offset="639" sl="202" sc="4" el="202" ec="52" bec="0" bev="0" fileid="1" />
                <SequencePoint vc="0" uspid="312" ordinal="60" offset="650" sl="203" sc="4" el="203" ec="52" bec="0" bev="0" fileid="1" />
                <SequencePoint vc="0" uspid="313" ordinal="61" offset="661" sl="204" sc="4" el="204" ec="52" bec="0" bev="0" fileid="1" />
                <SequencePoint vc="0" uspid="314" ordinal="62" offset="672" sl="205" sc="4" el="205" ec="52" bec="0" bev="0" fileid="1" />
                <SequencePoint vc="0" uspid="315" ordinal="63" offset="683" sl="206" sc="4" el="206" ec="70" bec="0" bev="0" fileid="1" />
                <SequencePoint vc="0" uspid="316" ordinal="64" offset="694" sl="207" sc="4" el="207" ec="52" bec="0" bev="0" fileid="1" />
                <SequencePoint vc="0" uspid="317" ordinal="65" offset="705" sl="208" sc="4" el="208" ec="52" bec="0" bev="0" fileid="1" />
                <SequencePoint vc="0" uspid="318" ordinal="66" offset="716" sl="209" sc="4" el="209" ec="52" bec="0" bev="0" fileid="1" />
                <SequencePoint vc="0" uspid="319" ordinal="67" offset="727" sl="210" sc="4" el="210" ec="52" bec="0" bev="0" fileid="1" />
                <SequencePoint vc="0" uspid="320" ordinal="68" offset="738" sl="211" sc="4" el="211" ec="52" bec="0" bev="0" fileid="1" />
                <SequencePoint vc="0" uspid="321" ordinal="69" offset="749" sl="212" sc="4" el="212" ec="52" bec="0" bev="0" fileid="1" />
                <SequencePoint vc="0" uspid="322" ordinal="70" offset="760" sl="213" sc="4" el="213" ec="52" bec="0" bev="0" fileid="1" />
                <SequencePoint vc="0" uspid="323" ordinal="71" offset="771" sl="214" sc="4" el="214" ec="52" bec="0" bev="0" fileid="1" />
                <SequencePoint vc="0" uspid="324" ordinal="72" offset="782" sl="215" sc="4" el="215" ec="52" bec="0" bev="0" fileid="1" />
                <SequencePoint vc="0" uspid="325" ordinal="73" offset="793" sl="216" sc="4" el="216" ec="69" bec="0" bev="0" fileid="1" />
                <SequencePoint vc="0" uspid="326" ordinal="74" offset="804" sl="217" sc="4" el="217" ec="52" bec="0" bev="0" fileid="1" />
                <SequencePoint vc="0" uspid="327" ordinal="75" offset="815" sl="218" sc="4" el="218" ec="52" bec="0" bev="0" fileid="1" />
                <SequencePoint vc="0" uspid="328" ordinal="76" offset="826" sl="219" sc="4" el="219" ec="52" bec="0" bev="0" fileid="1" />
                <SequencePoint vc="0" uspid="329" ordinal="77" offset="837" sl="220" sc="4" el="220" ec="52" bec="0" bev="0" fileid="1" />
                <SequencePoint vc="0" uspid="330" ordinal="78" offset="848" sl="221" sc="4" el="221" ec="52" bec="0" bev="0" fileid="1" />
                <SequencePoint vc="0" uspid="331" ordinal="79" offset="859" sl="222" sc="4" el="222" ec="52" bec="0" bev="0" fileid="1" />
                <SequencePoint vc="0" uspid="332" ordinal="80" offset="870" sl="223" sc="4" el="223" ec="52" bec="0" bev="0" fileid="1" />
                <SequencePoint vc="0" uspid="333" ordinal="81" offset="881" sl="224" sc="4" el="224" ec="52" bec="0" bev="0" fileid="1" />
                <SequencePoint vc="0" uspid="334" ordinal="82" offset="892" sl="225" sc="4" el="225" ec="52" bec="0" bev="0" fileid="1" />
                <SequencePoint vc="0" uspid="335" ordinal="83" offset="903" sl="226" sc="4" el="226" ec="70" bec="0" bev="0" fileid="1" />
                <SequencePoint vc="0" uspid="336" ordinal="84" offset="914" sl="227" sc="4" el="227" ec="52" bec="0" bev="0" fileid="1" />
                <SequencePoint vc="0" uspid="337" ordinal="85" offset="925" sl="228" sc="4" el="228" ec="52" bec="0" bev="0" fileid="1" />
                <SequencePoint vc="0" uspid="338" ordinal="86" offset="936" sl="229" sc="4" el="229" ec="52" bec="0" bev="0" fileid="1" />
                <SequencePoint vc="0" uspid="339" ordinal="87" offset="947" sl="230" sc="4" el="230" ec="52" bec="0" bev="0" fileid="1" />
                <SequencePoint vc="0" uspid="340" ordinal="88" offset="958" sl="231" sc="4" el="231" ec="52" bec="0" bev="0" fileid="1" />
                <SequencePoint vc="0" uspid="341" ordinal="89" offset="969" sl="232" sc="4" el="232" ec="52" bec="0" bev="0" fileid="1" />
                <SequencePoint vc="0" uspid="342" ordinal="90" offset="980" sl="233" sc="4" el="233" ec="52" bec="0" bev="0" fileid="1" />
                <SequencePoint vc="0" uspid="343" ordinal="91" offset="991" sl="234" sc="4" el="234" ec="52" bec="0" bev="0" fileid="1" />
                <SequencePoint vc="0" uspid="344" ordinal="92" offset="1002" sl="235" sc="4" el="235" ec="52" bec="0" bev="0" fileid="1" />
                <SequencePoint vc="0" uspid="345" ordinal="93" offset="1013" sl="236" sc="4" el="236" ec="69" bec="0" bev="0" fileid="1" />
                <SequencePoint vc="0" uspid="346" ordinal="94" offset="1024" sl="237" sc="4" el="237" ec="58" bec="0" bev="0" fileid="1" />
                <SequencePoint vc="0" uspid="347" ordinal="95" offset="1035" sl="238" sc="4" el="238" ec="60" bec="0" bev="0" fileid="1" />
                <SequencePoint vc="0" uspid="348" ordinal="96" offset="1046" sl="239" sc="4" el="239" ec="59" bec="0" bev="0" fileid="1" />
                <SequencePoint vc="0" uspid="349" ordinal="97" offset="1057" sl="240" sc="4" el="240" ec="57" bec="0" bev="0" fileid="1" />
                <SequencePoint vc="0" uspid="350" ordinal="98" offset="1068" sl="241" sc="4" el="241" ec="59" bec="0" bev="0" fileid="1" />
                <SequencePoint vc="0" uspid="351" ordinal="99" offset="1079" sl="242" sc="4" el="242" ec="58" bec="0" bev="0" fileid="1" />
                <SequencePoint vc="0" uspid="352" ordinal="100" offset="1090" sl="243" sc="4" el="243" ec="59" bec="0" bev="0" fileid="1" />
                <SequencePoint vc="0" uspid="353" ordinal="101" offset="1101" sl="244" sc="4" el="244" ec="58" bec="0" bev="0" fileid="1" />
                <SequencePoint vc="0" uspid="354" ordinal="102" offset="1112" sl="245" sc="4" el="245" ec="59" bec="0" bev="0" fileid="1" />
                <SequencePoint vc="0" uspid="355" ordinal="103" offset="1123" sl="246" sc="4" el="246" ec="59" bec="0" bev="0" fileid="1" />
                <SequencePoint vc="0" uspid="356" ordinal="104" offset="1134" sl="247" sc="4" el="247" ec="58" bec="0" bev="0" fileid="1" />
                <SequencePoint vc="0" uspid="357" ordinal="105" offset="1145" sl="248" sc="4" el="248" ec="59" bec="0" bev="0" fileid="1" />
                <SequencePoint vc="0" uspid="358" ordinal="106" offset="1156" sl="249" sc="4" el="249" ec="52" bec="0" bev="0" fileid="1" />
                <SequencePoint vc="0" uspid="359" ordinal="107" offset="1167" sl="250" sc="4" el="250" ec="52" bec="0" bev="0" fileid="1" />
                <SequencePoint vc="0" uspid="360" ordinal="108" offset="1178" sl="251" sc="4" el="251" ec="52" bec="0" bev="0" fileid="1" />
                <SequencePoint vc="0" uspid="361" ordinal="109" offset="1189" sl="252" sc="4" el="252" ec="52" bec="0" bev="0" fileid="1" />
                <SequencePoint vc="0" uspid="362" ordinal="110" offset="1200" sl="253" sc="4" el="253" ec="52" bec="0" bev="0" fileid="1" />
                <SequencePoint vc="0" uspid="363" ordinal="111" offset="1211" sl="254" sc="4" el="254" ec="52" bec="0" bev="0" fileid="1" />
                <SequencePoint vc="0" uspid="364" ordinal="112" offset="1222" sl="255" sc="4" el="255" ec="52" bec="0" bev="0" fileid="1" />
                <SequencePoint vc="0" uspid="365" ordinal="113" offset="1233" sl="256" sc="4" el="256" ec="52" bec="0" bev="0" fileid="1" />
                <SequencePoint vc="0" uspid="366" ordinal="114" offset="1244" sl="257" sc="4" el="257" ec="52" bec="0" bev="0" fileid="1" />
                <SequencePoint vc="0" uspid="367" ordinal="115" offset="1255" sl="258" sc="4" el="258" ec="51" bec="0" bev="0" fileid="1" />
                <SequencePoint vc="0" uspid="368" ordinal="116" offset="1266" sl="259" sc="4" el="259" ec="51" bec="0" bev="0" fileid="1" />
                <SequencePoint vc="0" uspid="369" ordinal="117" offset="1277" sl="260" sc="4" el="260" ec="51" bec="0" bev="0" fileid="1" />
                <SequencePoint vc="0" uspid="370" ordinal="118" offset="1288" sl="261" sc="4" el="261" ec="51" bec="0" bev="0" fileid="1" />
                <SequencePoint vc="0" uspid="371" ordinal="119" offset="1299" sl="262" sc="4" el="262" ec="51" bec="0" bev="0" fileid="1" />
                <SequencePoint vc="0" uspid="372" ordinal="120" offset="1310" sl="263" sc="4" el="263" ec="51" bec="0" bev="0" fileid="1" />
                <SequencePoint vc="0" uspid="373" ordinal="121" offset="1321" sl="264" sc="4" el="264" ec="51" bec="0" bev="0" fileid="1" />
                <SequencePoint vc="0" uspid="374" ordinal="122" offset="1332" sl="265" sc="4" el="265" ec="51" bec="0" bev="0" fileid="1" />
                <SequencePoint vc="0" uspid="375" ordinal="123" offset="1343" sl="266" sc="4" el="266" ec="51" bec="0" bev="0" fileid="1" />
                <SequencePoint vc="0" uspid="376" ordinal="124" offset="1354" sl="267" sc="4" el="267" ec="63" bec="0" bev="0" fileid="1" />
                <SequencePoint vc="0" uspid="377" ordinal="125" offset="1365" sl="268" sc="4" el="268" ec="83" bec="0" bev="0" fileid="1" />
                <SequencePoint vc="0" uspid="378" ordinal="126" offset="1377" sl="269" sc="4" el="269" ec="48" bec="0" bev="0" fileid="1" />
                <SequencePoint vc="0" uspid="379" ordinal="127" offset="1394" sl="270" sc="4" el="270" ec="48" bec="0" bev="0" fileid="1" />
                <SequencePoint vc="0" uspid="380" ordinal="128" offset="1411" sl="271" sc="4" el="271" ec="41" bec="0" bev="0" fileid="1" />
                <SequencePoint vc="0" uspid="381" ordinal="129" offset="1423" sl="272" sc="4" el="272" ec="35" bec="0" bev="0" fileid="1" />
                <SequencePoint vc="0" uspid="382" ordinal="130" offset="1435" sl="273" sc="4" el="273" ec="38" bec="0" bev="0" fileid="1" />
                <SequencePoint vc="0" uspid="383" ordinal="131" offset="1447" sl="274" sc="4" el="274" ec="37" bec="0" bev="0" fileid="1" />
                <SequencePoint vc="0" uspid="384" ordinal="132" offset="1459" sl="275" sc="4" el="275" ec="38" bec="0" bev="0" fileid="1" />
                <SequencePoint vc="0" uspid="385" ordinal="133" offset="1471" sl="276" sc="4" el="276" ec="39" bec="0" bev="0" fileid="1" />
                <SequencePoint vc="0" uspid="386" ordinal="134" offset="1483" sl="277" sc="4" el="277" ec="38" bec="0" bev="0" fileid="1" />
                <SequencePoint vc="0" uspid="387" ordinal="135" offset="1495" sl="278" sc="4" el="278" ec="39" bec="0" bev="0" fileid="1" />
                <SequencePoint vc="0" uspid="388" ordinal="136" offset="1507" sl="279" sc="4" el="279" ec="40" bec="0" bev="0" fileid="1" />
                <SequencePoint vc="0" uspid="389" ordinal="137" offset="1519" sl="280" sc="4" el="280" ec="39" bec="0" bev="0" fileid="1" />
                <SequencePoint vc="0" uspid="390" ordinal="138" offset="1531" sl="281" sc="4" el="281" ec="40" bec="0" bev="0" fileid="1" />
                <SequencePoint vc="0" uspid="391" ordinal="139" offset="1543" sl="282" sc="4" el="282" ec="78" bec="0" bev="0" fileid="1" />
                <SequencePoint vc="0" uspid="392" ordinal="140" offset="1555" sl="283" sc="4" el="283" ec="80" bec="0" bev="0" fileid="1" />
                <SequencePoint vc="0" uspid="393" ordinal="141" offset="1567" sl="284" sc="4" el="284" ec="79" bec="0" bev="0" fileid="1" />
                <SequencePoint vc="0" uspid="394" ordinal="142" offset="1579" sl="285" sc="4" el="285" ec="77" bec="0" bev="0" fileid="1" />
                <SequencePoint vc="0" uspid="395" ordinal="143" offset="1591" sl="286" sc="4" el="286" ec="79" bec="0" bev="0" fileid="1" />
                <SequencePoint vc="0" uspid="396" ordinal="144" offset="1603" sl="287" sc="4" el="287" ec="78" bec="0" bev="0" fileid="1" />
                <SequencePoint vc="0" uspid="397" ordinal="145" offset="1615" sl="288" sc="4" el="288" ec="79" bec="0" bev="0" fileid="1" />
                <SequencePoint vc="0" uspid="398" ordinal="146" offset="1627" sl="289" sc="4" el="289" ec="78" bec="0" bev="0" fileid="1" />
                <SequencePoint vc="0" uspid="399" ordinal="147" offset="1639" sl="290" sc="4" el="290" ec="79" bec="0" bev="0" fileid="1" />
                <SequencePoint vc="0" uspid="400" ordinal="148" offset="1651" sl="291" sc="4" el="291" ec="79" bec="0" bev="0" fileid="1" />
                <SequencePoint vc="0" uspid="401" ordinal="149" offset="1663" sl="292" sc="4" el="292" ec="78" bec="0" bev="0" fileid="1" />
                <SequencePoint vc="0" uspid="402" ordinal="150" offset="1675" sl="293" sc="4" el="293" ec="79" bec="0" bev="0" fileid="1" />
                <SequencePoint vc="0" uspid="403" ordinal="151" offset="1687" sl="294" sc="4" el="294" ec="25" bec="0" bev="0" fileid="1" />
                <SequencePoint vc="0" uspid="404" ordinal="152" offset="1694" sl="298" sc="4" el="298" ec="68" bec="0" bev="0" fileid="1" />
                <SequencePoint vc="0" uspid="405" ordinal="153" offset="1707" sl="299" sc="4" el="299" ec="67" bec="0" bev="0" fileid="1" />
                <SequencePoint vc="0" uspid="406" ordinal="154" offset="1726" sl="300" sc="4" el="300" ec="79" bec="0" bev="0" fileid="1" />
                <SequencePoint vc="0" uspid="407" ordinal="155" offset="1747" sl="301" sc="4" el="301" ec="50" bec="0" bev="0" fileid="1" />
                <SequencePoint vc="0" uspid="408" ordinal="156" offset="1764" sl="302" sc="4" el="302" ec="83" bec="0" bev="0" fileid="1" />
                <SequencePoint vc="0" uspid="409" ordinal="157" offset="1777" sl="306" sc="4" el="306" ec="61" bec="0" bev="0" fileid="1" />
                <SequencePoint vc="0" uspid="410" ordinal="158" offset="1805" sl="310" sc="4" el="310" ec="67" bec="0" bev="0" fileid="1" />
                <SequencePoint vc="0" uspid="411" ordinal="159" offset="1833" sl="311" sc="4" el="311" ec="62" bec="0" bev="0" fileid="1" />
                <SequencePoint vc="0" uspid="412" ordinal="160" offset="1861" sl="312" sc="4" el="312" ec="64" bec="0" bev="0" fileid="1" />
                <SequencePoint vc="0" uspid="413" ordinal="161" offset="1889" sl="313" sc="4" el="313" ec="63" bec="0" bev="0" fileid="1" />
                <SequencePoint vc="0" uspid="414" ordinal="162" offset="1917" sl="314" sc="4" el="314" ec="61" bec="0" bev="0" fileid="1" />
                <SequencePoint vc="0" uspid="415" ordinal="163" offset="1945" sl="315" sc="4" el="315" ec="63" bec="0" bev="0" fileid="1" />
                <SequencePoint vc="0" uspid="416" ordinal="164" offset="1973" sl="316" sc="4" el="316" ec="62" bec="0" bev="0" fileid="1" />
                <SequencePoint vc="0" uspid="417" ordinal="165" offset="2001" sl="317" sc="4" el="317" ec="63" bec="0" bev="0" fileid="1" />
                <SequencePoint vc="0" uspid="418" ordinal="166" offset="2029" sl="318" sc="4" el="318" ec="62" bec="0" bev="0" fileid="1" />
                <SequencePoint vc="0" uspid="419" ordinal="167" offset="2057" sl="319" sc="4" el="319" ec="63" bec="0" bev="0" fileid="1" />
                <SequencePoint vc="0" uspid="420" ordinal="168" offset="2085" sl="320" sc="4" el="320" ec="63" bec="0" bev="0" fileid="1" />
                <SequencePoint vc="0" uspid="421" ordinal="169" offset="2113" sl="321" sc="4" el="321" ec="62" bec="0" bev="0" fileid="1" />
                <SequencePoint vc="0" uspid="422" ordinal="170" offset="2141" sl="322" sc="4" el="322" ec="63" bec="0" bev="0" fileid="1" />
                <SequencePoint vc="0" uspid="423" ordinal="171" offset="2169" sl="323" sc="4" el="323" ec="58" bec="0" bev="0" fileid="1" />
                <SequencePoint vc="0" uspid="424" ordinal="172" offset="2197" sl="324" sc="4" el="324" ec="58" bec="0" bev="0" fileid="1" />
                <SequencePoint vc="0" uspid="425" ordinal="173" offset="2225" sl="325" sc="4" el="325" ec="58" bec="0" bev="0" fileid="1" />
                <SequencePoint vc="0" uspid="426" ordinal="174" offset="2253" sl="326" sc="4" el="326" ec="58" bec="0" bev="0" fileid="1" />
                <SequencePoint vc="0" uspid="427" ordinal="175" offset="2281" sl="327" sc="4" el="327" ec="58" bec="0" bev="0" fileid="1" />
                <SequencePoint vc="0" uspid="428" ordinal="176" offset="2309" sl="328" sc="4" el="328" ec="58" bec="0" bev="0" fileid="1" />
                <SequencePoint vc="0" uspid="429" ordinal="177" offset="2337" sl="329" sc="4" el="329" ec="58" bec="0" bev="0" fileid="1" />
                <SequencePoint vc="0" uspid="430" ordinal="178" offset="2365" sl="330" sc="4" el="330" ec="58" bec="0" bev="0" fileid="1" />
                <SequencePoint vc="0" uspid="431" ordinal="179" offset="2393" sl="331" sc="4" el="331" ec="58" bec="0" bev="0" fileid="1" />
                <SequencePoint vc="0" uspid="432" ordinal="180" offset="2421" sl="332" sc="4" el="332" ec="57" bec="0" bev="0" fileid="1" />
                <SequencePoint vc="0" uspid="433" ordinal="181" offset="2449" sl="333" sc="4" el="333" ec="57" bec="0" bev="0" fileid="1" />
                <SequencePoint vc="0" uspid="434" ordinal="182" offset="2477" sl="334" sc="4" el="334" ec="57" bec="0" bev="0" fileid="1" />
                <SequencePoint vc="0" uspid="435" ordinal="183" offset="2505" sl="335" sc="4" el="335" ec="57" bec="0" bev="0" fileid="1" />
                <SequencePoint vc="0" uspid="436" ordinal="184" offset="2533" sl="336" sc="4" el="336" ec="57" bec="0" bev="0" fileid="1" />
                <SequencePoint vc="0" uspid="437" ordinal="185" offset="2561" sl="337" sc="4" el="337" ec="57" bec="0" bev="0" fileid="1" />
                <SequencePoint vc="0" uspid="438" ordinal="186" offset="2589" sl="338" sc="4" el="338" ec="57" bec="0" bev="0" fileid="1" />
                <SequencePoint vc="0" uspid="439" ordinal="187" offset="2617" sl="339" sc="4" el="339" ec="57" bec="0" bev="0" fileid="1" />
                <SequencePoint vc="0" uspid="440" ordinal="188" offset="2645" sl="340" sc="4" el="340" ec="57" bec="0" bev="0" fileid="1" />
                <SequencePoint vc="0" uspid="441" ordinal="189" offset="2673" sl="341" sc="4" el="341" ec="67" bec="0" bev="0" fileid="1" />
                <SequencePoint vc="0" uspid="442" ordinal="190" offset="2700" sl="342" sc="4" el="342" ec="48" bec="0" bev="0" fileid="1" />
                <SequencePoint vc="0" uspid="443" ordinal="191" offset="2717" sl="343" sc="4" el="343" ec="43" bec="0" bev="0" fileid="1" />
                <SequencePoint vc="0" uspid="444" ordinal="192" offset="2730" sl="344" sc="4" el="344" ec="38" bec="0" bev="0" fileid="1" />
                <SequencePoint vc="0" uspid="445" ordinal="193" offset="2743" sl="348" sc="4" el="348" ec="35" bec="0" bev="0" fileid="1" />
                <SequencePoint vc="0" uspid="446" ordinal="194" offset="2756" sl="349" sc="4" el="349" ec="124" bec="0" bev="0" fileid="1" />
                <SequencePoint vc="0" uspid="447" ordinal="195" offset="2784" sl="350" sc="4" el="350" ec="124" bec="0" bev="0" fileid="1" />
                <SequencePoint vc="0" uspid="448" ordinal="196" offset="2812" sl="351" sc="4" el="351" ec="124" bec="0" bev="0" fileid="1" />
                <SequencePoint vc="0" uspid="449" ordinal="197" offset="2840" sl="352" sc="4" el="352" ec="57" bec="0" bev="0" fileid="1" />
                <SequencePoint vc="0" uspid="450" ordinal="198" offset="2865" sl="353" sc="4" el="353" ec="56" bec="0" bev="0" fileid="1" />
                <SequencePoint vc="0" uspid="451" ordinal="199" offset="2890" sl="354" sc="4" el="354" ec="57" bec="0" bev="0" fileid="1" />
                <SequencePoint vc="0" uspid="452" ordinal="200" offset="2915" sl="355" sc="4" el="355" ec="58" bec="0" bev="0" fileid="1" />
                <SequencePoint vc="0" uspid="453" ordinal="201" offset="2940" sl="356" sc="4" el="356" ec="57" bec="0" bev="0" fileid="1" />
                <SequencePoint vc="0" uspid="454" ordinal="202" offset="2965" sl="357" sc="4" el="357" ec="58" bec="0" bev="0" fileid="1" />
                <SequencePoint vc="0" uspid="455" ordinal="203" offset="2990" sl="358" sc="4" el="358" ec="59" bec="0" bev="0" fileid="1" />
                <SequencePoint vc="0" uspid="456" ordinal="204" offset="3015" sl="359" sc="4" el="359" ec="58" bec="0" bev="0" fileid="1" />
                <SequencePoint vc="0" uspid="457" ordinal="205" offset="3040" sl="360" sc="4" el="360" ec="59" bec="0" bev="0" fileid="1" />
                <SequencePoint vc="0" uspid="458" ordinal="206" offset="3065" sl="361" sc="4" el="361" ec="62" bec="0" bev="0" fileid="1" />
                <SequencePoint vc="0" uspid="459" ordinal="207" offset="3078" sl="362" sc="4" el="362" ec="61" bec="0" bev="0" fileid="1" />
                <SequencePoint vc="0" uspid="460" ordinal="208" offset="3097" sl="363" sc="4" el="363" ec="38" bec="0" bev="0" fileid="1" />
                <SequencePoint vc="0" uspid="461" ordinal="209" offset="3114" sl="364" sc="4" el="364" ec="32" bec="0" bev="0" fileid="1" />
                <SequencePoint vc="0" uspid="462" ordinal="210" offset="3127" sl="365" sc="4" el="365" ec="118" bec="0" bev="0" fileid="1" />
                <SequencePoint vc="0" uspid="463" ordinal="211" offset="3155" sl="366" sc="4" el="366" ec="118" bec="0" bev="0" fileid="1" />
                <SequencePoint vc="0" uspid="464" ordinal="212" offset="3183" sl="367" sc="4" el="367" ec="118" bec="0" bev="0" fileid="1" />
                <SequencePoint vc="0" uspid="465" ordinal="213" offset="3211" sl="368" sc="4" el="368" ec="61" bec="0" bev="0" fileid="1" />
                <SequencePoint vc="0" uspid="466" ordinal="214" offset="3238" sl="369" sc="4" el="369" ec="32" bec="0" bev="0" fileid="1" />
                <SequencePoint vc="0" uspid="467" ordinal="215" offset="3251" sl="373" sc="4" el="373" ec="78" bec="0" bev="0" fileid="1" />
                <SequencePoint vc="0" uspid="468" ordinal="216" offset="3268" sl="374" sc="4" el="374" ec="38" bec="0" bev="0" fileid="1" />
                <SequencePoint vc="0" uspid="469" ordinal="217" offset="3281" sl="375" sc="4" el="375" ec="127" bec="0" bev="0" fileid="1" />
                <SequencePoint vc="0" uspid="470" ordinal="218" offset="3309" sl="376" sc="4" el="376" ec="127" bec="0" bev="0" fileid="1" />
                <SequencePoint vc="0" uspid="471" ordinal="219" offset="3337" sl="377" sc="4" el="377" ec="127" bec="0" bev="0" fileid="1" />
                <SequencePoint vc="0" uspid="472" ordinal="220" offset="3365" sl="378" sc="4" el="378" ec="55" bec="0" bev="0" fileid="1" />
                <SequencePoint vc="0" uspid="473" ordinal="221" offset="3390" sl="379" sc="4" el="379" ec="55" bec="0" bev="0" fileid="1" />
                <SequencePoint vc="0" uspid="474" ordinal="222" offset="3415" sl="380" sc="4" el="380" ec="55" bec="0" bev="0" fileid="1" />
                <SequencePoint vc="0" uspid="475" ordinal="223" offset="3440" sl="381" sc="4" el="381" ec="55" bec="0" bev="0" fileid="1" />
                <SequencePoint vc="0" uspid="476" ordinal="224" offset="3465" sl="382" sc="4" el="382" ec="55" bec="0" bev="0" fileid="1" />
                <SequencePoint vc="0" uspid="477" ordinal="225" offset="3490" sl="383" sc="4" el="383" ec="55" bec="0" bev="0" fileid="1" />
                <SequencePoint vc="0" uspid="478" ordinal="226" offset="3515" sl="384" sc="4" el="384" ec="55" bec="0" bev="0" fileid="1" />
                <SequencePoint vc="0" uspid="479" ordinal="227" offset="3540" sl="385" sc="4" el="385" ec="55" bec="0" bev="0" fileid="1" />
                <SequencePoint vc="0" uspid="480" ordinal="228" offset="3565" sl="386" sc="4" el="386" ec="55" bec="0" bev="0" fileid="1" />
                <SequencePoint vc="0" uspid="481" ordinal="229" offset="3590" sl="387" sc="4" el="387" ec="65" bec="0" bev="0" fileid="1" />
                <SequencePoint vc="0" uspid="482" ordinal="230" offset="3603" sl="388" sc="4" el="388" ec="66" bec="0" bev="0" fileid="1" />
                <SequencePoint vc="0" uspid="483" ordinal="231" offset="3626" sl="389" sc="4" el="389" ec="67" bec="0" bev="0" fileid="1" />
                <SequencePoint vc="0" uspid="484" ordinal="232" offset="3644" sl="390" sc="4" el="390" ec="44" bec="0" bev="0" fileid="1" />
                <SequencePoint vc="0" uspid="485" ordinal="233" offset="3661" sl="391" sc="4" el="391" ec="35" bec="0" bev="0" fileid="1" />
                <SequencePoint vc="0" uspid="486" ordinal="234" offset="3674" sl="392" sc="4" el="392" ec="121" bec="0" bev="0" fileid="1" />
                <SequencePoint vc="0" uspid="487" ordinal="235" offset="3702" sl="393" sc="4" el="393" ec="121" bec="0" bev="0" fileid="1" />
                <SequencePoint vc="0" uspid="488" ordinal="236" offset="3730" sl="394" sc="4" el="394" ec="121" bec="0" bev="0" fileid="1" />
                <SequencePoint vc="0" uspid="489" ordinal="237" offset="3758" sl="395" sc="4" el="395" ec="63" bec="0" bev="0" fileid="1" />
                <SequencePoint vc="0" uspid="490" ordinal="238" offset="3785" sl="396" sc="4" el="396" ec="35" bec="0" bev="0" fileid="1" />
                <SequencePoint vc="0" uspid="491" ordinal="239" offset="3799" sl="400" sc="4" el="400" ec="60" bec="0" bev="0" fileid="1" />
                <SequencePoint vc="0" uspid="492" ordinal="240" offset="3812" sl="401" sc="4" el="401" ec="71" bec="0" bev="0" fileid="1" />
                <SequencePoint vc="0" uspid="493" ordinal="241" offset="3829" sl="402" sc="4" el="402" ec="63" bec="0" bev="0" fileid="1" />
                <SequencePoint vc="0" uspid="494" ordinal="242" offset="3853" sl="403" sc="4" el="403" ec="71" bec="0" bev="0" fileid="1" />
[...]
                <SequencePoint vc="0" uspid="1825" ordinal="4" offset="38" sl="376" sc="10" el="376" ec="11" bec="0" bev="0" fileid="2" />
                <SequencePoint vc="0" uspid="1826" ordinal="5" offset="39" sl="377" sc="11" el="377" ec="58" bec="2" bev="0" fileid="2" />
                <SequencePoint vc="0" uspid="1827" ordinal="6" offset="75" sl="378" sc="11" el="378" ec="36" bec="0" bev="0" fileid="2" />
                <SequencePoint vc="0" uspid="1828" ordinal="7" offset="89" sl="380" sc="11" el="380" ec="31" bec="0" bev="0" fileid="2" />
                <SequencePoint vc="0" uspid="1829" ordinal="8" offset="101" sl="381" sc="11" el="381" ec="38" bec="0" bev="0" fileid="2" />
                <SequencePoint vc="0" uspid="1830" ordinal="9" offset="108" sl="382" sc="11" el="382" ec="33" bec="0" bev="0" fileid="2" />
                <SequencePoint vc="0" uspid="1831" ordinal="10" offset="122" sl="383" sc="11" el="383" ec="21" bec="0" bev="0" fileid="2" />
                <SequencePoint vc="0" uspid="1832" ordinal="11" offset="126" sl="384" sc="11" el="384" ec="33" bec="0" bev="0" fileid="2" />
                <SequencePoint vc="0" uspid="1833" ordinal="12" offset="140" sl="386" sc="15" el="386" ec="23" bec="0" bev="0" fileid="2" />
                <SequencePoint vc="0" uspid="1834" ordinal="13" offset="148" sl="387" sc="11" el="387" ec="12" bec="0" bev="0" fileid="2" />
                <SequencePoint vc="0" uspid="1835" ordinal="14" offset="149" sl="388" sc="12" el="388" ec="24" bec="2" bev="0" fileid="2" />
                <SequencePoint vc="0" uspid="1836" ordinal="15" offset="173" sl="388" sc="25" el="388" ec="37" bec="0" bev="0" fileid="2" />
                <SequencePoint vc="0" uspid="1837" ordinal="16" offset="202" sl="389" sc="12" el="389" ec="24" bec="2" bev="0" fileid="2" />
                <SequencePoint vc="0" uspid="1838" ordinal="17" offset="226" sl="389" sc="25" el="389" ec="37" bec="0" bev="0" fileid="2" />
                <SequencePoint vc="0" uspid="1839" ordinal="18" offset="255" sl="391" sc="12" el="391" ec="28" bec="2" bev="0" fileid="2" />
                <SequencePoint vc="0" uspid="1840" ordinal="19" offset="289" sl="392" sc="12" el="392" ec="13" bec="0" bev="0" fileid="2" />
                <SequencePoint vc="0" uspid="1841" ordinal="20" offset="290" sl="393" sc="13" el="393" ec="41" bec="0" bev="0" fileid="2" />
                <SequencePoint vc="0" uspid="1842" ordinal="21" offset="314" sl="394" sc="12" el="394" ec="13" bec="0" bev="0" fileid="2" />
                <SequencePoint vc="0" uspid="1843" ordinal="22" offset="317" sl="395" sc="17" el="395" ec="35" bec="2" bev="0" fileid="2" />
                <SequencePoint vc="0" uspid="1844" ordinal="23" offset="351" sl="396" sc="12" el="396" ec="13" bec="0" bev="0" fileid="2" />
                <SequencePoint vc="0" uspid="1845" ordinal="24" offset="352" sl="397" sc="13" el="397" ec="22" bec="0" bev="0" fileid="2" />
                <SequencePoint vc="0" uspid="1846" ordinal="25" offset="357" sl="398" sc="12" el="398" ec="13" bec="0" bev="0" fileid="2" />
                <SequencePoint vc="0" uspid="1847" ordinal="26" offset="360" sl="399" sc="17" el="399" ec="35" bec="2" bev="0" fileid="2" />
                <SequencePoint vc="0" uspid="1848" ordinal="27" offset="394" sl="400" sc="12" el="400" ec="13" bec="0" bev="0" fileid="2" />
                <SequencePoint vc="0" uspid="1849" ordinal="28" offset="395" sl="401" sc="13" el="401" ec="57" bec="0" bev="0" fileid="2" />
                <SequencePoint vc="0" uspid="1850" ordinal="29" offset="429" sl="402" sc="12" el="402" ec="13" bec="0" bev="0" fileid="2" />
                <SequencePoint vc="0" uspid="1851" ordinal="30" offset="432" sl="403" sc="17" el="403" ec="26" bec="0" bev="0" fileid="2" />
                <SequencePoint vc="0" uspid="1852" ordinal="31" offset="437" sl="404" sc="11" el="404" ec="12" bec="0" bev="0" fileid="2" />
                <SequencePoint vc="0" uspid="1853" ordinal="32" offset="438" sl="386" sc="29" el="386" ec="32" bec="0" bev="0" fileid="2" />
                <SequencePoint vc="0" uspid="1854" ordinal="33" offset="444" sl="386" sc="24" el="386" ec="27" bec="2" bev="0" fileid="2" />
                <SequencePoint vc="0" uspid="1855" ordinal="34" offset="458" sl="406" sc="11" el="406" ec="43" bec="0" bev="0" fileid="2" />
                <SequencePoint vc="0" uspid="1856" ordinal="35" offset="476" sl="408" sc="9" el="408" ec="10" bec="0" bev="0" fileid="2" />
              </SequencePoints>
              <BranchPoints>
                <BranchPoint vc="0" uspid="1857" ordinal="0" offset="20" path="0" offsetchain="" offsetend="22" />
                <BranchPoint vc="0" uspid="1858" ordinal="1" offset="20" path="1" offsetchain="" offsetend="38" />
                <BranchPoint vc="0" uspid="1859" ordinal="2" offset="49" path="0" offsetchain="" offsetend="51" />
                <BranchPoint vc="0" uspid="1860" ordinal="3" offset="49" path="1" offsetchain="" offsetend="60" />
                <BranchPoint vc="0" uspid="1861" ordinal="4" offset="171" path="0" offsetchain="" offsetend="173" />
                <BranchPoint vc="0" uspid="1862" ordinal="5" offset="171" path="1" offsetchain="" offsetend="202" />
                <BranchPoint vc="0" uspid="1863" ordinal="6" offset="224" path="0" offsetchain="" offsetend="226" />
                <BranchPoint vc="0" uspid="1864" ordinal="7" offset="224" path="1" offsetchain="" offsetend="255" />
                <BranchPoint vc="0" uspid="1865" ordinal="8" offset="287" path="0" offsetchain="" offsetend="289" />
                <BranchPoint vc="0" uspid="1866" ordinal="9" offset="287" path="1" offsetchain="" offsetend="317" />
                <BranchPoint vc="0" uspid="1867" ordinal="10" offset="349" path="0" offsetchain="" offsetend="351" />
                <BranchPoint vc="0" uspid="1868" ordinal="11" offset="349" path="1" offsetchain="" offsetend="360" />
                <BranchPoint vc="0" uspid="1869" ordinal="12" offset="392" path="0" offsetchain="" offsetend="394" />
                <BranchPoint vc="0" uspid="1870" ordinal="13" offset="392" path="1" offsetchain="" offsetend="432" />
                <BranchPoint vc="0" uspid="1871" ordinal="14" offset="453" path="0" offsetchain="" offsetend="458" />
                <BranchPoint vc="0" uspid="1872" ordinal="15" offset="453" path="1" offsetchain="" offsetend="148" />
              </BranchPoints>
              <MethodPoint xsi:type="SequencePoint" vc="0" uspid="1821" ordinal="0" offset="0" sl="369" sc="9" el="369" ec="10" bec="0" bev="0" fileid="2" />
            </Method>
            <Method visited="true" cyclomaticComplexity="3" sequenceCoverage="100" branchCoverage="80" isConstructor="false" isStatic="true" isGetter="false" isSetter="false">
              <Summary numSequencePoints="13" visitedSequencePoints="13" numBranchPoints="5" visitedBranchPoints="4" sequenceCoverage="100" branchCoverage="80" maxCyclomaticComplexity="3" minCyclomaticComplexity="3" />
              <MetadataToken>100663319</MetadataToken>
              <Name>System.Drawing.Color ColorTest.ColorUtils::XyzToRgb(System.Double,System.Double,System.Double)</Name>
              <FileRef uid="2" />
              <SequencePoints>
                <SequencePoint vc="1" uspid="1873" ordinal="0" offset="0" sl="414" sc="9" el="414" ec="10" bec="0" bev="0" fileid="2" />
                <SequencePoint vc="1" uspid="1874" ordinal="1" offset="1" sl="415" sc="10" el="415" ec="43" bec="0" bev="0" fileid="2" />
                <SequencePoint vc="1" uspid="1875" ordinal="2" offset="8" sl="416" sc="10" el="416" ec="54" bec="0" bev="0" fileid="2" />
                <SequencePoint vc="1" uspid="1876" ordinal="3" offset="46" sl="417" sc="10" el="417" ec="55" bec="0" bev="0" fileid="2" />
                <SequencePoint vc="1" uspid="1877" ordinal="4" offset="85" sl="418" sc="10" el="418" ec="54" bec="0" bev="0" fileid="2" />
                <SequencePoint vc="1" uspid="1878" ordinal="5" offset="123" sl="420" sc="14" el="420" ec="22" bec="0" bev="0" fileid="2" />
                <SequencePoint vc="3" uspid="1879" ordinal="6" offset="127" sl="421" sc="10" el="421" ec="11" bec="0" bev="0" fileid="2" />
                <SequencePoint vc="3" uspid="1880" ordinal="7" offset="128" sl="422" sc="11" el="423" ec="62" bec="2" bev="1" fileid="2" />
                <SequencePoint vc="3" uspid="1881" ordinal="8" offset="198" sl="424" sc="10" el="424" ec="11" bec="0" bev="0" fileid="2" />
                <SequencePoint vc="3" uspid="1882" ordinal="9" offset="199" sl="420" sc="28" el="420" ec="31" bec="0" bev="0" fileid="2" />
                <SequencePoint vc="4" uspid="1883" ordinal="10" offset="203" sl="420" sc="23" el="420" ec="26" bec="2" bev="2" fileid="2" />
                <SequencePoint vc="1" uspid="1884" ordinal="11" offset="211" sl="426" sc="10" el="426" ec="60" bec="0" bev="0" fileid="2" />
                <SequencePoint vc="1" uspid="1885" ordinal="12" offset="228" sl="427" sc="9" el="427" ec="10" bec="0" bev="0" fileid="2" />
              </SequencePoints>
              <BranchPoints>
                <BranchPoint vc="3" uspid="1886" ordinal="0" offset="142" path="0" offsetchain="" offsetend="144" />
                <BranchPoint vc="0" uspid="1887" ordinal="1" offset="142" path="1" offsetchain="" offsetend="183" />
                <BranchPoint vc="1" uspid="1888" ordinal="2" offset="209" path="0" offsetchain="" offsetend="211" />
                <BranchPoint vc="3" uspid="1889" ordinal="3" offset="209" path="1" offsetchain="" offsetend="127" />
              </BranchPoints>
              <MethodPoint xsi:type="SequencePoint" vc="1" uspid="1873" ordinal="0" offset="0" sl="414" sc="9" el="414" ec="10" bec="0" bev="0" fileid="2" />
            </Method>
            <Method visited="true" cyclomaticComplexity="4" sequenceCoverage="100" branchCoverage="57.14" isConstructor="false" isStatic="true" isGetter="false" isSetter="false">
              <Summary numSequencePoints="7" visitedSequencePoints="7" numBranchPoints="7" visitedBranchPoints="4" sequenceCoverage="100" branchCoverage="57.14" maxCyclomaticComplexity="4" minCyclomaticComplexity="4" />
              <MetadataToken>100663320</MetadataToken>
              <Name>System.Drawing.Color ColorTest.ColorUtils::LabToRgb(System.Double,System.Double,System.Double)</Name>
              <FileRef uid="2" />
              <SequencePoints>
                <SequencePoint vc="1" uspid="1890" ordinal="0" offset="0" sl="433" sc="9" el="433" ec="10" bec="0" bev="0" fileid="2" />
                <SequencePoint vc="1" uspid="1891" ordinal="1" offset="1" sl="434" sc="10" el="434" ec="34" bec="0" bev="0" fileid="2" />
                <SequencePoint vc="1" uspid="1892" ordinal="2" offset="11" sl="436" sc="10" el="436" ec="35" bec="0" bev="0" fileid="2" />
                <SequencePoint vc="1" uspid="1893" ordinal="3" offset="33" sl="437" sc="10" el="437" ec="37" bec="0" bev="0" fileid="2" />
                <SequencePoint vc="1" uspid="1894" ordinal="4" offset="47" sl="438" sc="10" el="438" ec="37" bec="0" bev="0" fileid="2" />
                <SequencePoint vc="1" uspid="1895" ordinal="5" offset="61" sl="440" sc="10" el="447" ec="12" bec="6" bev="3" fileid="2" />
                <SequencePoint vc="1" uspid="1896" ordinal="6" offset="271" sl="448" sc="9" el="448" ec="10" bec="0" bev="0" fileid="2" />
              </SequencePoints>
              <BranchPoints>
                <BranchPoint vc="0" uspid="1897" ordinal="0" offset="63" path="0" offsetchain="" offsetend="65" />
                <BranchPoint vc="1" uspid="1898" ordinal="1" offset="63" path="1" offsetchain="" offsetend="107" />
                <BranchPoint vc="0" uspid="1899" ordinal="2" offset="130" path="0" offsetchain="" offsetend="132" />
                <BranchPoint vc="1" uspid="1900" ordinal="3" offset="130" path="1" offsetchain="" offsetend="174" />
                <BranchPoint vc="0" uspid="1901" ordinal="4" offset="197" path="0" offsetchain="" offsetend="199" />
                <BranchPoint vc="1" uspid="1902" ordinal="5" offset="197" path="1" offsetchain="" offsetend="241" />
              </BranchPoints>
              <MethodPoint xsi:type="SequencePoint" vc="1" uspid="1890" ordinal="0" offset="0" sl="433" sc="9" el="433" ec="10" bec="0" bev="0" fileid="2" />
            </Method>
            <Method visited="true" cyclomaticComplexity="1" sequenceCoverage="100" branchCoverage="100" isConstructor="false" isStatic="true" isGetter="false" isSetter="false">
              <Summary numSequencePoints="3" visitedSequencePoints="3" numBranchPoints="1" visitedBranchPoints="1" sequenceCoverage="100" branchCoverage="100" maxCyclomaticComplexity="1" minCyclomaticComplexity="1" />
              <MetadataToken>100663321</MetadataToken>
              <Name>System.Drawing.Color ColorTest.ColorUtils::GetRgb(System.Double,System.Double,System.Double)</Name>
              <FileRef uid="2" />
              <SequencePoints>
                <SequencePoint vc="1" uspid="1903" ordinal="0" offset="0" sl="451" sc="9" el="451" ec="10" bec="0" bev="0" fileid="2" />
                <SequencePoint vc="1" uspid="1904" ordinal="1" offset="1" sl="452" sc="13" el="452" ec="97" bec="0" bev="0" fileid="2" />
                <SequencePoint vc="1" uspid="1905" ordinal="2" offset="50" sl="453" sc="9" el="453" ec="10" bec="0" bev="0" fileid="2" />
              </SequencePoints>
              <BranchPoints />
              <MethodPoint xsi:type="SequencePoint" vc="1" uspid="1903" ordinal="0" offset="0" sl="451" sc="9" el="451" ec="10" bec="0" bev="0" fileid="2" />
            </Method>
          </Methods>
        </Class>
        <Class>
          <Summary numSequencePoints="5" visitedSequencePoints="0" numBranchPoints="1" visitedBranchPoints="0" sequenceCoverage="0" branchCoverage="0" maxCyclomaticComplexity="1" minCyclomaticComplexity="1" />
          <FullName>ColorTest.Program</FullName>
          <Methods>
            <Method visited="false" cyclomaticComplexity="1" sequenceCoverage="0" branchCoverage="0" isConstructor="false" isStatic="true" isGetter="false" isSetter="false">
              <Summary numSequencePoints="5" visitedSequencePoints="0" numBranchPoints="1" visitedBranchPoints="0" sequenceCoverage="0" branchCoverage="0" maxCyclomaticComplexity="1" minCyclomaticComplexity="1" />
              <MetadataToken>100663322</MetadataToken>
              <Name>System.Void ColorTest.Program::Main(System.String[])</Name>
              <FileRef uid="5" />
              <SequencePoints>
                <SequencePoint vc="0" uspid="1906" ordinal="0" offset="0" sl="24" sc="3" el="24" ec="4" bec="0" bev="0" fileid="5" />
                <SequencePoint vc="0" uspid="1907" ordinal="1" offset="1" sl="25" sc="4" el="25" ec="37" bec="0" bev="0" fileid="5" />
                <SequencePoint vc="0" uspid="1908" ordinal="2" offset="7" sl="26" sc="4" el="26" ec="57" bec="0" bev="0" fileid="5" />
                <SequencePoint vc="0" uspid="1909" ordinal="3" offset="14" sl="27" sc="4" el="27" ec="36" bec="0" bev="0" fileid="5" />
                <SequencePoint vc="0" uspid="1910" ordinal="4" offset="25" sl="28" sc="3" el="28" ec="4" bec="0" bev="0" fileid="5" />
              </SequencePoints>
              <BranchPoints />
              <MethodPoint xsi:type="SequencePoint" vc="0" uspid="1906" ordinal="0" offset="0" sl="24" sc="3" el="24" ec="4" bec="0" bev="0" fileid="5" />
            </Method>
            <Method visited="false" cyclomaticComplexity="1" sequenceCoverage="0" branchCoverage="0" isConstructor="true" isStatic="false" isGetter="false" isSetter="false">
              <Summary numSequencePoints="0" visitedSequencePoints="0" numBranchPoints="0" visitedBranchPoints="0" sequenceCoverage="0" branchCoverage="0" maxCyclomaticComplexity="1" minCyclomaticComplexity="1" />
              <MetadataToken>100663323</MetadataToken>
              <Name>System.Void ColorTest.Program::.ctor()</Name>
              <SequencePoints />
              <BranchPoints />
              <MethodPoint vc="0" uspid="1911" ordinal="0" offset="0" />
            </Method>
          </Methods>
        </Class>
        <Class>
          <Summary numSequencePoints="3" visitedSequencePoints="3" numBranchPoints="1" visitedBranchPoints="1" sequenceCoverage="100" branchCoverage="100" maxCyclomaticComplexity="1" minCyclomaticComplexity="1" />
          <FullName>ColorTest.Test1</FullName>
          <Methods>
            <Method visited="true" cyclomaticComplexity="1" sequenceCoverage="100" branchCoverage="100" isConstructor="false" isStatic="false" isGetter="false" isSetter="false">
              <Summary numSequencePoints="3" visitedSequencePoints="3" numBranchPoints="1" visitedBranchPoints="1" sequenceCoverage="100" branchCoverage="100" maxCyclomaticComplexity="1" minCyclomaticComplexity="1" />
              <MetadataToken>100663324</MetadataToken>
              <Name>System.Void ColorTest.Test1::TestMethod()</Name>
              <FileRef uid="6" />
              <SequencePoints>
                <SequencePoint vc="1" uspid="1912" ordinal="0" offset="0" sl="19" sc="3" el="19" ec="4" bec="0" bev="0" fileid="6" />
                <SequencePoint vc="1" uspid="1913" ordinal="1" offset="1" sl="21" sc="4" el="22" ec="50" bec="0" bev="0" fileid="6" />
                <SequencePoint vc="1" uspid="1914" ordinal="2" offset="34" sl="24" sc="3" el="24" ec="4" bec="0" bev="0" fileid="6" />
              </SequencePoints>
              <BranchPoints />
              <MethodPoint xsi:type="SequencePoint" vc="1" uspid="1912" ordinal="0" offset="0" sl="19" sc="3" el="19" ec="4" bec="0" bev="0" fileid="6" />
            </Method>
            <Method visited="true" cyclomaticComplexity="1" sequenceCoverage="0" branchCoverage="0" isConstructor="true" isStatic="false" isGetter="false" isSetter="false">
              <Summary numSequencePoints="0" visitedSequencePoints="0" numBranchPoints="0" visitedBranchPoints="0" sequenceCoverage="0" branchCoverage="0" maxCyclomaticComplexity="1" minCyclomaticComplexity="1" />
              <MetadataToken>100663325</MetadataToken>
              <Name>System.Void ColorTest.Test1::.ctor()</Name>
              <SequencePoints />
              <BranchPoints />
              <MethodPoint vc="1" uspid="1915" ordinal="0" offset="0" />
            </Method>
          </Methods>
        </Class>
      </Classes>
    </Module>
    <Module skippedDueTo="Filter" hash="95-1C-13-07-F1-08-FE-50-F0-58-50-93-34-72-93-D0-D9-64-92-62">
      <FullName>C:\Windows\Microsoft.Net\assembly\GAC_MSIL\System.Windows.Forms\v4.0_4.0.0.0__b77a5c561934e089\System.Windows.Forms.dll</FullName>
      <ModuleName>System.Windows.Forms</ModuleName>
      <Classes />
    </Module>
    <Module skippedDueTo="Filter" hash="0D-D5-B2-1E-4C-1B-8D-16-0A-9F-65-F1-B0-E9-42-FD-A9-97-83-3E">
      <FullName>C:\Windows\Microsoft.Net\assembly\GAC_MSIL\System.Drawing\v4.0_4.0.0.0__b03f5f7f11d50a3a\System.Drawing.dll</FullName>
      <ModuleName>System.Drawing</ModuleName>
      <Classes />
    </Module>
    <Module skippedDueTo="MissingPdb" hash="42-83-FE-A6-9F-01-8E-2C-E8-41-E9-25-3E-1E-0D-99-81-76-6B-C9">
      <FullName>C:\Users\Total\AppData\Local\Temp\nunit20\ShadowCopyCache\6344_635714757483566875\Tests_9667593\assembly\dl3\61eddf54\002c9000_49bfcf01\nunit.framework.dll</FullName>
      <ModuleName>nunit.framework</ModuleName>
      <Classes />
    </Module>
    <Module skippedDueTo="Filter" hash="8F-6E-E8-4F-40-6A-75-31-1B-08-C2-22-D5-EA-FE-23-3B-7B-82-15">
      <FullName>C:\Windows\Microsoft.Net\assembly\GAC_MSIL\System.Configuration\v4.0_4.0.0.0__b03f5f7f11d50a3a\System.Configuration.dll</FullName>
      <ModuleName>System.Configuration</ModuleName>
      <Classes />
    </Module>
  </Modules>
</CoverageSession>